#
# There is insufficient memory for the Java Runtime Environment to continue.
# Native memory allocation (malloc) failed to allocate 722144 bytes for Chunk::new
# Possible reasons:
#   The system is out of physical RAM or swap space
#   The process is running with CompressedOops enabled, and the Java Heap may be blocking the growth of the native heap
# Possible solutions:
#   Reduce memory load on the system
#   Increase physical memory or swap space
#   Check if swap backing store is full
#   Decrease Java heap size (-Xmx/-Xms)
#   Decrease number of Java threads
#   Decrease Java thread stack sizes (-Xss)
#   Set larger code cache with -XX:ReservedCodeCacheSize=
#   JVM is running with Unscaled Compressed Oops mode in which the Java heap is
#     placed in the first 4GB address space. The Java Heap base address is the
#     maximum limit for the native heap growth. Please use -XX:HeapBaseMinAddress
#     to set the Java Heap base and to place the Java Heap above 4GB virtual address.
# This output file may be truncated or incomplete.
#
#  Out of Memory Error (arena.cpp:189), pid=14196, tid=2388
#
# JRE version: Java(TM) SE Runtime Environment (17.0.1+12) (build 17.0.1+12-LTS-39)
# Java VM: Java HotSpot(TM) 64-Bit Server VM (17.0.1+12-LTS-39, mixed mode, sharing, tiered, compressed oops, compressed class ptrs, g1 gc, windows-amd64)
# No core dump will be written. Minidumps are not enabled by default on client versions of Windows
#

---------------  S U M M A R Y ------------

Command Line: -ea -Didea.test.cyclic.buffer.size=1048576 -javaagent:C:\Program Files\JetBrains\IntelliJ IDEA Community Edition 2021.2.3\lib\idea_rt.jar=56850:C:\Program Files\JetBrains\IntelliJ IDEA Community Edition 2021.2.3\bin -Dfile.encoding=UTF-8 com.intellij.rt.junit.JUnitStarter -ideVersion5 -junit5 com.example.RESTfulTest.controller.WidgetRestControllerTest,testUpdateWidget

Host: Intel(R) Core(TM) i7-7500U CPU @ 2.70GHz, 4 cores, 7G,  Windows 10 , 64 bit Build 19041 (10.0.19041.1348)
Time: Wed Dec 29 15:17:41 2021 Hora est. Pacífico, Sudamérica elapsed time: 2.797100 seconds (0d 0h 0m 2s)

---------------  T H R E A D  ---------------

Current thread (0x0000018ffac374d0):  JavaThread "C2 CompilerThread0" daemon [_thread_in_native, id=2388, stack(0x000000492e200000,0x000000492e300000)]


Current CompileTask:
C2:   2797 1637       4       jdk.internal.org.objectweb.asm.SymbolTable::addConstantUtf8Reference (101 bytes)

Stack: [0x000000492e200000,0x000000492e300000]
Native frames: (J=compiled Java code, j=interpreted, Vv=VM code, C=native code)
V  [jvm.dll+0x66fa1a]
V  [jvm.dll+0x7ce5a4]
V  [jvm.dll+0x7cfd4e]
V  [jvm.dll+0x7d03b3]
V  [jvm.dll+0x242b05]
V  [jvm.dll+0xaa05b]
V  [jvm.dll+0xaa5ec]
V  [jvm.dll+0x35fa07]
V  [jvm.dll+0x329f51]
V  [jvm.dll+0x3293fa]
V  [jvm.dll+0x215bf1]
V  [jvm.dll+0x215011]
V  [jvm.dll+0x1a168d]
V  [jvm.dll+0x224848]
V  [jvm.dll+0x2229ac]
V  [jvm.dll+0x78435b]
V  [jvm.dll+0x77e91a]
V  [jvm.dll+0x66e845]
C  [ucrtbase.dll+0x21bb2]
C  [KERNEL32.DLL+0x17034]
C  [ntdll.dll+0x52651]


---------------  P R O C E S S  ---------------

Threads class SMR info:
_java_thread_list=0x0000018ffbd6d850, length=14, elements={
0x0000018fdd43adb0, 0x0000018ffac20fe0, 0x0000018ffac21d60, 0x0000018ffac32ce0,
0x0000018ffac356b0, 0x0000018ffac35f70, 0x0000018ffac36830, 0x0000018ffac374d0,
0x0000018ffac38e90, 0x0000018ffac55700, 0x0000018ffac09410, 0x0000018ffb8dcb00,
0x0000018ffb8dcfd0, 0x0000018ffc1d2770
}

Java Threads: ( => current thread )
  0x0000018fdd43adb0 JavaThread "main" [_thread_in_native, id=19096, stack(0x000000492d500000,0x000000492d600000)]
  0x0000018ffac20fe0 JavaThread "Reference Handler" daemon [_thread_blocked, id=3424, stack(0x000000492dc00000,0x000000492dd00000)]
  0x0000018ffac21d60 JavaThread "Finalizer" daemon [_thread_blocked, id=20428, stack(0x000000492dd00000,0x000000492de00000)]
  0x0000018ffac32ce0 JavaThread "Signal Dispatcher" daemon [_thread_blocked, id=19740, stack(0x000000492de00000,0x000000492df00000)]
  0x0000018ffac356b0 JavaThread "Attach Listener" daemon [_thread_blocked, id=17288, stack(0x000000492df00000,0x000000492e000000)]
  0x0000018ffac35f70 JavaThread "Service Thread" daemon [_thread_blocked, id=17044, stack(0x000000492e000000,0x000000492e100000)]
  0x0000018ffac36830 JavaThread "Monitor Deflation Thread" daemon [_thread_blocked, id=3148, stack(0x000000492e100000,0x000000492e200000)]
=>0x0000018ffac374d0 JavaThread "C2 CompilerThread0" daemon [_thread_in_native, id=2388, stack(0x000000492e200000,0x000000492e300000)]
  0x0000018ffac38e90 JavaThread "C1 CompilerThread0" daemon [_thread_blocked, id=17040, stack(0x000000492e300000,0x000000492e400000)]
  0x0000018ffac55700 JavaThread "Sweeper thread" daemon [_thread_blocked, id=12628, stack(0x000000492e400000,0x000000492e500000)]
  0x0000018ffac09410 JavaThread "Common-Cleaner" daemon [_thread_blocked, id=16272, stack(0x000000492e500000,0x000000492e600000)]
  0x0000018ffb8dcb00 JavaThread "Monitor Ctrl-Break" daemon [_thread_in_native, id=19036, stack(0x000000492e600000,0x000000492e700000)]
  0x0000018ffb8dcfd0 JavaThread "Notification Thread" daemon [_thread_blocked, id=13492, stack(0x000000492e700000,0x000000492e800000)]
  0x0000018ffc1d2770 JavaThread "C2 CompilerThread1" daemon [_thread_in_native, id=9328, stack(0x000000492e900000,0x000000492ea00000)]

Other Threads:
  0x0000018ffac1b070 VMThread "VM Thread" [stack: 0x000000492db00000,0x000000492dc00000] [id=16592]
  0x0000018ffb9655d0 WatcherThread [stack: 0x000000492e800000,0x000000492e900000] [id=17560]
  0x0000018fdd4793a0 GCTaskThread "GC Thread#0" [stack: 0x000000492d600000,0x000000492d700000] [id=17244]
  0x0000018ffc16e480 GCTaskThread "GC Thread#1" [stack: 0x000000492ea00000,0x000000492eb00000] [id=8820]
  0x0000018ffc1d2c80 GCTaskThread "GC Thread#2" [stack: 0x000000492eb00000,0x000000492ec00000] [id=2952]
  0x0000018ffc00a410 GCTaskThread "GC Thread#3" [stack: 0x000000492ec00000,0x000000492ed00000] [id=7560]
  0x0000018fdd48af80 ConcurrentGCThread "G1 Main Marker" [stack: 0x000000492d700000,0x000000492d800000] [id=10464]
  0x0000018fdd48d8c0 ConcurrentGCThread "G1 Conc#0" [stack: 0x000000492d800000,0x000000492d900000] [id=15980]
  0x0000018fdd502770 ConcurrentGCThread "G1 Refine#0" [stack: 0x000000492d900000,0x000000492da00000] [id=1636]
  0x0000018fdd5030a0 ConcurrentGCThread "G1 Service" [stack: 0x000000492da00000,0x000000492db00000] [id=11212]

Threads with active compile tasks:
C2 CompilerThread0     3158 1637       4       jdk.internal.org.objectweb.asm.SymbolTable::addConstantUtf8Reference (101 bytes)
C1 CompilerThread0     3158 1959       3       java.lang.ProcessEnvironment$NameComparator::compare (90 bytes)
C2 CompilerThread1     3158 1884       4       java.util.HashSet::add (20 bytes)

VM state: not at safepoint (normal execution)

VM Mutex/Monitor currently owned by a thread: None

Heap address: 0x0000000081400000, size: 2028 MB, Compressed Oops mode: 32-bit

CDS archive(s) mapped at: [0x0000000800000000-0x0000000800bc0000-0x0000000800bc0000), size 12320768, SharedBaseAddress: 0x0000000800000000, ArchiveRelocationMode: 0.
Compressed class space mapped at: 0x0000000800c00000-0x0000000840c00000, reserved size: 1073741824
Narrow klass base: 0x0000000800000000, Narrow klass shift: 0, Narrow klass range: 0x100000000

GC Precious Log:
 CPUs: 4 total, 4 available
 Memory: 8107M
 Large Page Support: Disabled
 NUMA Support: Disabled
 Compressed Oops: Enabled (32-bit)
 Heap Region Size: 1M
 Heap Min Capacity: 8M
 Heap Initial Capacity: 128M
 Heap Max Capacity: 2028M
 Pre-touch: Disabled
 Parallel Workers: 4
 Concurrent Workers: 1
 Concurrent Refinement Workers: 4
 Periodic GC: Disabled

Heap:
 garbage-first heap   total 131072K, used 29240K [0x0000000081400000, 0x0000000100000000)
  region size 1024K, 25 young (25600K), 2 survivors (2048K)
 Metaspace       used 11414K, committed 11520K, reserved 1064960K
  class space    used 1488K, committed 1536K, reserved 1048576K

Heap Regions: E=young(eden), S=young(survivor), O=old, HS=humongous(starts), HC=humongous(continues), CS=collection set, F=free, OA=open archive, CA=closed archive, TAMS=top-at-mark-start (previous, next)
|   0|0x0000000081400000, 0x0000000081500000, 0x0000000081500000|100%| O|  |TAMS 0x0000000081400000, 0x0000000081400000| Untracked 
|   1|0x0000000081500000, 0x0000000081600000, 0x0000000081600000|100%| O|  |TAMS 0x0000000081500000, 0x0000000081500000| Untracked 
|   2|0x0000000081600000, 0x0000000081700000, 0x0000000081700000|100%| O|  |TAMS 0x0000000081600000, 0x0000000081600000| Untracked 
|   3|0x0000000081700000, 0x0000000081800000, 0x0000000081800000|100%| O|  |TAMS 0x0000000081700000, 0x0000000081700000| Untracked 
|   4|0x0000000081800000, 0x00000000818c2800, 0x0000000081900000| 75%| O|  |TAMS 0x0000000081800000, 0x0000000081800000| Untracked 
|   5|0x0000000081900000, 0x0000000081900000, 0x0000000081a00000|  0%| F|  |TAMS 0x0000000081900000, 0x0000000081900000| Untracked 
|   6|0x0000000081a00000, 0x0000000081a00000, 0x0000000081b00000|  0%| F|  |TAMS 0x0000000081a00000, 0x0000000081a00000| Untracked 
|   7|0x0000000081b00000, 0x0000000081b00000, 0x0000000081c00000|  0%| F|  |TAMS 0x0000000081b00000, 0x0000000081b00000| Untracked 
|   8|0x0000000081c00000, 0x0000000081c00000, 0x0000000081d00000|  0%| F|  |TAMS 0x0000000081c00000, 0x0000000081c00000| Untracked 
|   9|0x0000000081d00000, 0x0000000081d00000, 0x0000000081e00000|  0%| F|  |TAMS 0x0000000081d00000, 0x0000000081d00000| Untracked 
|  10|0x0000000081e00000, 0x0000000081e00000, 0x0000000081f00000|  0%| F|  |TAMS 0x0000000081e00000, 0x0000000081e00000| Untracked 
|  11|0x0000000081f00000, 0x0000000081f00000, 0x0000000082000000|  0%| F|  |TAMS 0x0000000081f00000, 0x0000000081f00000| Untracked 
|  12|0x0000000082000000, 0x0000000082000000, 0x0000000082100000|  0%| F|  |TAMS 0x0000000082000000, 0x0000000082000000| Untracked 
|  13|0x0000000082100000, 0x0000000082100000, 0x0000000082200000|  0%| F|  |TAMS 0x0000000082100000, 0x0000000082100000| Untracked 
|  14|0x0000000082200000, 0x0000000082200000, 0x0000000082300000|  0%| F|  |TAMS 0x0000000082200000, 0x0000000082200000| Untracked 
|  15|0x0000000082300000, 0x0000000082300000, 0x0000000082400000|  0%| F|  |TAMS 0x0000000082300000, 0x0000000082300000| Untracked 
|  16|0x0000000082400000, 0x0000000082400000, 0x0000000082500000|  0%| F|  |TAMS 0x0000000082400000, 0x0000000082400000| Untracked 
|  17|0x0000000082500000, 0x0000000082500000, 0x0000000082600000|  0%| F|  |TAMS 0x0000000082500000, 0x0000000082500000| Untracked 
|  18|0x0000000082600000, 0x0000000082600000, 0x0000000082700000|  0%| F|  |TAMS 0x0000000082600000, 0x0000000082600000| Untracked 
|  19|0x0000000082700000, 0x0000000082700000, 0x0000000082800000|  0%| F|  |TAMS 0x0000000082700000, 0x0000000082700000| Untracked 
|  20|0x0000000082800000, 0x0000000082800000, 0x0000000082900000|  0%| F|  |TAMS 0x0000000082800000, 0x0000000082800000| Untracked 
|  21|0x0000000082900000, 0x0000000082900000, 0x0000000082a00000|  0%| F|  |TAMS 0x0000000082900000, 0x0000000082900000| Untracked 
|  22|0x0000000082a00000, 0x0000000082a00000, 0x0000000082b00000|  0%| F|  |TAMS 0x0000000082a00000, 0x0000000082a00000| Untracked 
|  23|0x0000000082b00000, 0x0000000082b00000, 0x0000000082c00000|  0%| F|  |TAMS 0x0000000082b00000, 0x0000000082b00000| Untracked 
|  24|0x0000000082c00000, 0x0000000082c00000, 0x0000000082d00000|  0%| F|  |TAMS 0x0000000082c00000, 0x0000000082c00000| Untracked 
|  25|0x0000000082d00000, 0x0000000082d00000, 0x0000000082e00000|  0%| F|  |TAMS 0x0000000082d00000, 0x0000000082d00000| Untracked 
|  26|0x0000000082e00000, 0x0000000082e00000, 0x0000000082f00000|  0%| F|  |TAMS 0x0000000082e00000, 0x0000000082e00000| Untracked 
|  27|0x0000000082f00000, 0x0000000082f00000, 0x0000000083000000|  0%| F|  |TAMS 0x0000000082f00000, 0x0000000082f00000| Untracked 
|  28|0x0000000083000000, 0x0000000083000000, 0x0000000083100000|  0%| F|  |TAMS 0x0000000083000000, 0x0000000083000000| Untracked 
|  29|0x0000000083100000, 0x0000000083100000, 0x0000000083200000|  0%| F|  |TAMS 0x0000000083100000, 0x0000000083100000| Untracked 
|  30|0x0000000083200000, 0x0000000083200000, 0x0000000083300000|  0%| F|  |TAMS 0x0000000083200000, 0x0000000083200000| Untracked 
|  31|0x0000000083300000, 0x0000000083300000, 0x0000000083400000|  0%| F|  |TAMS 0x0000000083300000, 0x0000000083300000| Untracked 
|  32|0x0000000083400000, 0x0000000083400000, 0x0000000083500000|  0%| F|  |TAMS 0x0000000083400000, 0x0000000083400000| Untracked 
|  33|0x0000000083500000, 0x0000000083500000, 0x0000000083600000|  0%| F|  |TAMS 0x0000000083500000, 0x0000000083500000| Untracked 
|  34|0x0000000083600000, 0x0000000083600000, 0x0000000083700000|  0%| F|  |TAMS 0x0000000083600000, 0x0000000083600000| Untracked 
|  35|0x0000000083700000, 0x0000000083700000, 0x0000000083800000|  0%| F|  |TAMS 0x0000000083700000, 0x0000000083700000| Untracked 
|  36|0x0000000083800000, 0x0000000083800000, 0x0000000083900000|  0%| F|  |TAMS 0x0000000083800000, 0x0000000083800000| Untracked 
|  37|0x0000000083900000, 0x0000000083900000, 0x0000000083a00000|  0%| F|  |TAMS 0x0000000083900000, 0x0000000083900000| Untracked 
|  38|0x0000000083a00000, 0x0000000083a00000, 0x0000000083b00000|  0%| F|  |TAMS 0x0000000083a00000, 0x0000000083a00000| Untracked 
|  39|0x0000000083b00000, 0x0000000083b00000, 0x0000000083c00000|  0%| F|  |TAMS 0x0000000083b00000, 0x0000000083b00000| Untracked 
|  40|0x0000000083c00000, 0x0000000083c00000, 0x0000000083d00000|  0%| F|  |TAMS 0x0000000083c00000, 0x0000000083c00000| Untracked 
|  41|0x0000000083d00000, 0x0000000083d00000, 0x0000000083e00000|  0%| F|  |TAMS 0x0000000083d00000, 0x0000000083d00000| Untracked 
|  42|0x0000000083e00000, 0x0000000083e00000, 0x0000000083f00000|  0%| F|  |TAMS 0x0000000083e00000, 0x0000000083e00000| Untracked 
|  43|0x0000000083f00000, 0x0000000083f00000, 0x0000000084000000|  0%| F|  |TAMS 0x0000000083f00000, 0x0000000083f00000| Untracked 
|  44|0x0000000084000000, 0x0000000084000000, 0x0000000084100000|  0%| F|  |TAMS 0x0000000084000000, 0x0000000084000000| Untracked 
|  45|0x0000000084100000, 0x0000000084100000, 0x0000000084200000|  0%| F|  |TAMS 0x0000000084100000, 0x0000000084100000| Untracked 
|  46|0x0000000084200000, 0x0000000084200000, 0x0000000084300000|  0%| F|  |TAMS 0x0000000084200000, 0x0000000084200000| Untracked 
|  47|0x0000000084300000, 0x0000000084300000, 0x0000000084400000|  0%| F|  |TAMS 0x0000000084300000, 0x0000000084300000| Untracked 
|  48|0x0000000084400000, 0x0000000084400000, 0x0000000084500000|  0%| F|  |TAMS 0x0000000084400000, 0x0000000084400000| Untracked 
|  49|0x0000000084500000, 0x0000000084500000, 0x0000000084600000|  0%| F|  |TAMS 0x0000000084500000, 0x0000000084500000| Untracked 
|  50|0x0000000084600000, 0x0000000084600000, 0x0000000084700000|  0%| F|  |TAMS 0x0000000084600000, 0x0000000084600000| Untracked 
|  51|0x0000000084700000, 0x0000000084700000, 0x0000000084800000|  0%| F|  |TAMS 0x0000000084700000, 0x0000000084700000| Untracked 
|  52|0x0000000084800000, 0x0000000084800000, 0x0000000084900000|  0%| F|  |TAMS 0x0000000084800000, 0x0000000084800000| Untracked 
|  53|0x0000000084900000, 0x0000000084900000, 0x0000000084a00000|  0%| F|  |TAMS 0x0000000084900000, 0x0000000084900000| Untracked 
|  54|0x0000000084a00000, 0x0000000084a00000, 0x0000000084b00000|  0%| F|  |TAMS 0x0000000084a00000, 0x0000000084a00000| Untracked 
|  55|0x0000000084b00000, 0x0000000084b00000, 0x0000000084c00000|  0%| F|  |TAMS 0x0000000084b00000, 0x0000000084b00000| Untracked 
|  56|0x0000000084c00000, 0x0000000084c00000, 0x0000000084d00000|  0%| F|  |TAMS 0x0000000084c00000, 0x0000000084c00000| Untracked 
|  57|0x0000000084d00000, 0x0000000084d00000, 0x0000000084e00000|  0%| F|  |TAMS 0x0000000084d00000, 0x0000000084d00000| Untracked 
|  58|0x0000000084e00000, 0x0000000084e00000, 0x0000000084f00000|  0%| F|  |TAMS 0x0000000084e00000, 0x0000000084e00000| Untracked 
|  59|0x0000000084f00000, 0x0000000084f00000, 0x0000000085000000|  0%| F|  |TAMS 0x0000000084f00000, 0x0000000084f00000| Untracked 
|  60|0x0000000085000000, 0x0000000085000000, 0x0000000085100000|  0%| F|  |TAMS 0x0000000085000000, 0x0000000085000000| Untracked 
|  61|0x0000000085100000, 0x0000000085100000, 0x0000000085200000|  0%| F|  |TAMS 0x0000000085100000, 0x0000000085100000| Untracked 
|  62|0x0000000085200000, 0x0000000085200000, 0x0000000085300000|  0%| F|  |TAMS 0x0000000085200000, 0x0000000085200000| Untracked 
|  63|0x0000000085300000, 0x0000000085300000, 0x0000000085400000|  0%| F|  |TAMS 0x0000000085300000, 0x0000000085300000| Untracked 
|  64|0x0000000085400000, 0x0000000085400000, 0x0000000085500000|  0%| F|  |TAMS 0x0000000085400000, 0x0000000085400000| Untracked 
|  65|0x0000000085500000, 0x0000000085500000, 0x0000000085600000|  0%| F|  |TAMS 0x0000000085500000, 0x0000000085500000| Untracked 
|  66|0x0000000085600000, 0x0000000085600000, 0x0000000085700000|  0%| F|  |TAMS 0x0000000085600000, 0x0000000085600000| Untracked 
|  67|0x0000000085700000, 0x0000000085700000, 0x0000000085800000|  0%| F|  |TAMS 0x0000000085700000, 0x0000000085700000| Untracked 
|  68|0x0000000085800000, 0x0000000085800000, 0x0000000085900000|  0%| F|  |TAMS 0x0000000085800000, 0x0000000085800000| Untracked 
|  69|0x0000000085900000, 0x0000000085900000, 0x0000000085a00000|  0%| F|  |TAMS 0x0000000085900000, 0x0000000085900000| Untracked 
|  70|0x0000000085a00000, 0x0000000085a00000, 0x0000000085b00000|  0%| F|  |TAMS 0x0000000085a00000, 0x0000000085a00000| Untracked 
|  71|0x0000000085b00000, 0x0000000085b00000, 0x0000000085c00000|  0%| F|  |TAMS 0x0000000085b00000, 0x0000000085b00000| Untracked 
|  72|0x0000000085c00000, 0x0000000085c00000, 0x0000000085d00000|  0%| F|  |TAMS 0x0000000085c00000, 0x0000000085c00000| Untracked 
|  73|0x0000000085d00000, 0x0000000085d00000, 0x0000000085e00000|  0%| F|  |TAMS 0x0000000085d00000, 0x0000000085d00000| Untracked 
|  74|0x0000000085e00000, 0x0000000085e00000, 0x0000000085f00000|  0%| F|  |TAMS 0x0000000085e00000, 0x0000000085e00000| Untracked 
|  75|0x0000000085f00000, 0x0000000085f00000, 0x0000000086000000|  0%| F|  |TAMS 0x0000000085f00000, 0x0000000085f00000| Untracked 
|  76|0x0000000086000000, 0x0000000086000000, 0x0000000086100000|  0%| F|  |TAMS 0x0000000086000000, 0x0000000086000000| Untracked 
|  77|0x0000000086100000, 0x0000000086100000, 0x0000000086200000|  0%| F|  |TAMS 0x0000000086100000, 0x0000000086100000| Untracked 
|  78|0x0000000086200000, 0x0000000086200000, 0x0000000086300000|  0%| F|  |TAMS 0x0000000086200000, 0x0000000086200000| Untracked 
|  79|0x0000000086300000, 0x0000000086300000, 0x0000000086400000|  0%| F|  |TAMS 0x0000000086300000, 0x0000000086300000| Untracked 
|  80|0x0000000086400000, 0x0000000086400000, 0x0000000086500000|  0%| F|  |TAMS 0x0000000086400000, 0x0000000086400000| Untracked 
|  81|0x0000000086500000, 0x0000000086500000, 0x0000000086600000|  0%| F|  |TAMS 0x0000000086500000, 0x0000000086500000| Untracked 
|  82|0x0000000086600000, 0x0000000086600000, 0x0000000086700000|  0%| F|  |TAMS 0x0000000086600000, 0x0000000086600000| Untracked 
|  83|0x0000000086700000, 0x0000000086700000, 0x0000000086800000|  0%| F|  |TAMS 0x0000000086700000, 0x0000000086700000| Untracked 
|  84|0x0000000086800000, 0x0000000086800000, 0x0000000086900000|  0%| F|  |TAMS 0x0000000086800000, 0x0000000086800000| Untracked 
|  85|0x0000000086900000, 0x0000000086900000, 0x0000000086a00000|  0%| F|  |TAMS 0x0000000086900000, 0x0000000086900000| Untracked 
|  86|0x0000000086a00000, 0x0000000086a00000, 0x0000000086b00000|  0%| F|  |TAMS 0x0000000086a00000, 0x0000000086a00000| Untracked 
|  87|0x0000000086b00000, 0x0000000086b00000, 0x0000000086c00000|  0%| F|  |TAMS 0x0000000086b00000, 0x0000000086b00000| Untracked 
|  88|0x0000000086c00000, 0x0000000086c00000, 0x0000000086d00000|  0%| F|  |TAMS 0x0000000086c00000, 0x0000000086c00000| Untracked 
|  89|0x0000000086d00000, 0x0000000086d00000, 0x0000000086e00000|  0%| F|  |TAMS 0x0000000086d00000, 0x0000000086d00000| Untracked 
|  90|0x0000000086e00000, 0x0000000086e00000, 0x0000000086f00000|  0%| F|  |TAMS 0x0000000086e00000, 0x0000000086e00000| Untracked 
|  91|0x0000000086f00000, 0x0000000086f00000, 0x0000000087000000|  0%| F|  |TAMS 0x0000000086f00000, 0x0000000086f00000| Untracked 
|  92|0x0000000087000000, 0x0000000087000000, 0x0000000087100000|  0%| F|  |TAMS 0x0000000087000000, 0x0000000087000000| Untracked 
|  93|0x0000000087100000, 0x0000000087100000, 0x0000000087200000|  0%| F|  |TAMS 0x0000000087100000, 0x0000000087100000| Untracked 
|  94|0x0000000087200000, 0x0000000087200000, 0x0000000087300000|  0%| F|  |TAMS 0x0000000087200000, 0x0000000087200000| Untracked 
|  95|0x0000000087300000, 0x0000000087300000, 0x0000000087400000|  0%| F|  |TAMS 0x0000000087300000, 0x0000000087300000| Untracked 
|  96|0x0000000087400000, 0x0000000087400000, 0x0000000087500000|  0%| F|  |TAMS 0x0000000087400000, 0x0000000087400000| Untracked 
|  97|0x0000000087500000, 0x0000000087500000, 0x0000000087600000|  0%| F|  |TAMS 0x0000000087500000, 0x0000000087500000| Untracked 
|  98|0x0000000087600000, 0x0000000087600000, 0x0000000087700000|  0%| F|  |TAMS 0x0000000087600000, 0x0000000087600000| Untracked 
|  99|0x0000000087700000, 0x0000000087700000, 0x0000000087800000|  0%| F|  |TAMS 0x0000000087700000, 0x0000000087700000| Untracked 
| 100|0x0000000087800000, 0x0000000087800000, 0x0000000087900000|  0%| F|  |TAMS 0x0000000087800000, 0x0000000087800000| Untracked 
| 101|0x0000000087900000, 0x0000000087900000, 0x0000000087a00000|  0%| F|  |TAMS 0x0000000087900000, 0x0000000087900000| Complete 
| 102|0x0000000087a00000, 0x0000000087b00000, 0x0000000087b00000|100%| S|  |TAMS 0x0000000087a00000, 0x0000000087a00000| Complete 
| 103|0x0000000087b00000, 0x0000000087c00000, 0x0000000087c00000|100%| E|CS|TAMS 0x0000000087b00000, 0x0000000087b00000| Complete 
| 104|0x0000000087c00000, 0x0000000087d00000, 0x0000000087d00000|100%| E|CS|TAMS 0x0000000087c00000, 0x0000000087c00000| Complete 
| 105|0x0000000087d00000, 0x0000000087e00000, 0x0000000087e00000|100%| E|CS|TAMS 0x0000000087d00000, 0x0000000087d00000| Complete 
| 106|0x0000000087e00000, 0x0000000087f00000, 0x0000000087f00000|100%| E|CS|TAMS 0x0000000087e00000, 0x0000000087e00000| Complete 
| 107|0x0000000087f00000, 0x0000000088000000, 0x0000000088000000|100%| E|CS|TAMS 0x0000000087f00000, 0x0000000087f00000| Complete 
| 108|0x0000000088000000, 0x0000000088100000, 0x0000000088100000|100%| E|CS|TAMS 0x0000000088000000, 0x0000000088000000| Complete 
| 109|0x0000000088100000, 0x0000000088200000, 0x0000000088200000|100%| E|CS|TAMS 0x0000000088100000, 0x0000000088100000| Complete 
| 110|0x0000000088200000, 0x0000000088300000, 0x0000000088300000|100%| E|CS|TAMS 0x0000000088200000, 0x0000000088200000| Complete 
| 111|0x0000000088300000, 0x0000000088400000, 0x0000000088400000|100%| E|CS|TAMS 0x0000000088300000, 0x0000000088300000| Complete 
| 112|0x0000000088400000, 0x00000000884cb8f0, 0x0000000088500000| 79%| E|CS|TAMS 0x0000000088400000, 0x0000000088400000| Complete 
| 113|0x0000000088500000, 0x0000000088600000, 0x0000000088600000|100%| E|CS|TAMS 0x0000000088500000, 0x0000000088500000| Complete 
| 114|0x0000000088600000, 0x0000000088700000, 0x0000000088700000|100%| E|CS|TAMS 0x0000000088600000, 0x0000000088600000| Complete 
| 115|0x0000000088700000, 0x0000000088800000, 0x0000000088800000|100%| E|CS|TAMS 0x0000000088700000, 0x0000000088700000| Complete 
| 116|0x0000000088800000, 0x0000000088900000, 0x0000000088900000|100%| E|CS|TAMS 0x0000000088800000, 0x0000000088800000| Complete 
| 117|0x0000000088900000, 0x0000000088a00000, 0x0000000088a00000|100%| E|CS|TAMS 0x0000000088900000, 0x0000000088900000| Complete 
| 118|0x0000000088a00000, 0x0000000088b00000, 0x0000000088b00000|100%| E|CS|TAMS 0x0000000088a00000, 0x0000000088a00000| Complete 
| 119|0x0000000088b00000, 0x0000000088c00000, 0x0000000088c00000|100%| E|CS|TAMS 0x0000000088b00000, 0x0000000088b00000| Complete 
| 120|0x0000000088c00000, 0x0000000088d00000, 0x0000000088d00000|100%| E|CS|TAMS 0x0000000088c00000, 0x0000000088c00000| Complete 
| 121|0x0000000088d00000, 0x0000000088e00000, 0x0000000088e00000|100%| E|CS|TAMS 0x0000000088d00000, 0x0000000088d00000| Complete 
| 122|0x0000000088e00000, 0x0000000088f00000, 0x0000000088f00000|100%| E|CS|TAMS 0x0000000088e00000, 0x0000000088e00000| Complete 
| 123|0x0000000088f00000, 0x0000000089000000, 0x0000000089000000|100%| E|CS|TAMS 0x0000000088f00000, 0x0000000088f00000| Complete 
| 124|0x0000000089000000, 0x0000000089100000, 0x0000000089100000|100%| E|CS|TAMS 0x0000000089000000, 0x0000000089000000| Complete 
| 125|0x0000000089100000, 0x0000000089200000, 0x0000000089200000|100%| E|CS|TAMS 0x0000000089100000, 0x0000000089100000| Complete 
| 126|0x0000000089200000, 0x0000000089300000, 0x0000000089300000|100%| E|CS|TAMS 0x0000000089200000, 0x0000000089200000| Complete 
| 127|0x0000000089300000, 0x0000000089400000, 0x0000000089400000|100%| E|CS|TAMS 0x0000000089300000, 0x0000000089300000| Complete 

Card table byte_map: [0x0000018ff4040000,0x0000018ff4440000] _byte_map_base: 0x0000018ff3c36000

Marking Bits (Prev, Next): (CMBitMap*) 0x0000018fdd47a8d0, (CMBitMap*) 0x0000018fdd47a910
 Prev Bits: [0x0000018ff4840000, 0x0000018ff67f0000)
 Next Bits: [0x0000018ff67f0000, 0x0000018ff87a0000)

Polling page: 0x0000018fdb410000

Metaspace:

Usage:
  Non-class:      9.70 MB used.
      Class:      1.46 MB used.
       Both:     11.16 MB used.

Virtual space:
  Non-class space:       16.00 MB reserved,       9.81 MB ( 61%) committed,  2 nodes.
      Class space:        1.00 GB reserved,       1.56 MB ( <1%) committed,  1 nodes.
             Both:        1.02 GB reserved,      11.38 MB (  1%) committed. 

Chunk freelists:
   Non-Class:  1.92 MB
       Class:  2.36 MB
        Both:  4.28 MB

MaxMetaspaceSize: unlimited
CompressedClassSpaceSize: 1.00 GB
Initial GC threshold: 21.00 MB
Current GC threshold: 21.00 MB
CDS: on
MetaspaceReclaimPolicy: balanced
 - commit_granule_bytes: 65536.
 - commit_granule_words: 8192.
 - virtual_space_node_default_size: 1048576.
 - enlarge_chunks_in_place: 1.
 - new_chunks_are_fully_committed: 0.
 - uncommit_free_chunks: 1.
 - use_allocation_guard: 0.
 - handle_deallocations: 1.


Internal statistics:

num_allocs_failed_limit: 0.
num_arena_births: 156.
num_arena_deaths: 0.
num_vsnodes_births: 3.
num_vsnodes_deaths: 0.
num_space_committed: 182.
num_space_uncommitted: 0.
num_chunks_returned_to_freelist: 0.
num_chunks_taken_from_freelist: 556.
num_chunk_merges: 0.
num_chunk_splits: 342.
num_chunks_enlarged: 239.
num_purges: 0.
num_inconsistent_stats: 0.

CodeHeap 'non-profiled nmethods': size=120000Kb used=750Kb max_used=750Kb free=119249Kb
 bounds [0x0000018fec710000, 0x0000018fec980000, 0x0000018ff3c40000]
CodeHeap 'profiled nmethods': size=120000Kb used=3864Kb max_used=3864Kb free=116135Kb
 bounds [0x0000018fe51e0000, 0x0000018fe55b0000, 0x0000018fec710000]
CodeHeap 'non-nmethods': size=5760Kb used=1174Kb max_used=1264Kb free=4585Kb
 bounds [0x0000018fe4c40000, 0x0000018fe4eb0000, 0x0000018fe51e0000]
 total_blobs=2411 nmethods=1956 adapters=366
 compilation: enabled
              stopped_count=0, restarted_count=0
 full_count=0

Compilation events (20 events):
Event: 2.744 Thread 0x0000018ffac38e90 1650       1       java.lang.reflect.Constructor::getSharedParameterTypes (5 bytes)
Event: 2.744 Thread 0x0000018ffac38e90 nmethod 1650 0x0000018fec7aec90 code [0x0000018fec7aee20, 0x0000018fec7aeef8]
Event: 2.745 Thread 0x0000018ffac38e90 1651       3       org.springframework.core.annotation.AttributeMethods::canThrowTypeNotPresentException (7 bytes)
Event: 2.745 Thread 0x0000018ffac38e90 nmethod 1651 0x0000018fe5522790 code [0x0000018fe5522920, 0x0000018fe5522a58]
Event: 2.745 Thread 0x0000018ffac38e90 1652       3       java.util.concurrent.locks.ReentrantLock$NonfairSync::initialTryLock (58 bytes)
Event: 2.745 Thread 0x0000018ffac38e90 nmethod 1652 0x0000018fe5522b10 code [0x0000018fe5522ce0, 0x0000018fe55230f8]
Event: 2.745 Thread 0x0000018ffac38e90 1656       3       java.util.ArrayList$Itr::next (66 bytes)
Event: 2.746 Thread 0x0000018ffac38e90 nmethod 1656 0x0000018fe5523210 code [0x0000018fe5523400, 0x0000018fe55238e8]
Event: 2.746 Thread 0x0000018ffac38e90 1653       3       java.util.concurrent.locks.AbstractQueuedSynchronizer::compareAndSetState (13 bytes)
Event: 2.746 Thread 0x0000018ffac38e90 nmethod 1653 0x0000018fe5523b10 code [0x0000018fe5523ca0, 0x0000018fe5523dd8]
Event: 2.746 Thread 0x0000018ffac38e90 1654       3       java.util.concurrent.locks.ReentrantLock$Sync::tryRelease (51 bytes)
Event: 2.746 Thread 0x0000018ffac38e90 nmethod 1654 0x0000018fe5523e90 code [0x0000018fe5524040, 0x0000018fe5524388]
Event: 2.746 Thread 0x0000018ffac38e90 1657       3       jdk.internal.misc.VM::isModuleSystemInited (13 bytes)
Event: 2.746 Thread 0x0000018ffac38e90 nmethod 1657 0x0000018fe5524490 code [0x0000018fe5524620, 0x0000018fe55247d8]
Event: 2.746 Thread 0x0000018ffac38e90 1658       3       java.lang.String::join (281 bytes)
Event: 2.748 Thread 0x0000018ffac38e90 nmethod 1658 0x0000018fe5524890 code [0x0000018fe5524be0, 0x0000018fe5526068]
Event: 2.748 Thread 0x0000018ffac38e90 1655       3       java.util.concurrent.locks.AbstractQueuedSynchronizer::signalNext (34 bytes)
Event: 2.748 Thread 0x0000018ffac38e90 nmethod 1655 0x0000018fe5526a90 code [0x0000018fe5526c40, 0x0000018fe5526ed8]
Event: 2.768 Thread 0x0000018ffc1d2770 nmethod 1640 0x0000018fec7aef90 code [0x0000018fec7af220, 0x0000018fec7b0dd0]
Event: 2.768 Thread 0x0000018ffc1d2770 1643       4       java.lang.String::indexOf (18 bytes)

GC Heap History (4 events):
Event: 1.236 GC heap before
{Heap before GC invocations=0 (full 0):
 garbage-first heap   total 131072K, used 12288K [0x0000000081400000, 0x0000000100000000)
  region size 1024K, 13 young (13312K), 0 survivors (0K)
 Metaspace       used 2957K, committed 3072K, reserved 1056768K
  class space    used 330K, committed 384K, reserved 1048576K
}
Event: 1.254 GC heap after
{Heap after GC invocations=1 (full 0):
 garbage-first heap   total 131072K, used 4862K [0x0000000081400000, 0x0000000100000000)
  region size 1024K, 2 young (2048K), 2 survivors (2048K)
 Metaspace       used 2957K, committed 3072K, reserved 1056768K
  class space    used 330K, committed 384K, reserved 1048576K
}
Event: 1.873 GC heap before
{Heap before GC invocations=1 (full 0):
 garbage-first heap   total 131072K, used 17150K [0x0000000081400000, 0x0000000100000000)
  region size 1024K, 14 young (14336K), 2 survivors (2048K)
 Metaspace       used 6120K, committed 6336K, reserved 1056768K
  class space    used 746K, committed 896K, reserved 1048576K
}
Event: 1.878 GC heap after
{Heap after GC invocations=2 (full 0):
 garbage-first heap   total 131072K, used 6712K [0x0000000081400000, 0x0000000100000000)
  region size 1024K, 2 young (2048K), 2 survivors (2048K)
 Metaspace       used 6120K, committed 6336K, reserved 1056768K
  class space    used 746K, committed 896K, reserved 1048576K
}

Deoptimization events (20 events):
Event: 2.195 Thread 0x0000018fdd43adb0 Uncommon trap: trap_request=0xffffff45 fr.pc=0x0000018fec745dec relative=0x000000000000068c
Event: 2.195 Thread 0x0000018fdd43adb0 Uncommon trap: reason=unstable_if action=reinterpret pc=0x0000018fec745dec method=java.util.zip.ZipCoder.hash(Ljava/lang/String;)I @ 23 c2
Event: 2.195 Thread 0x0000018fdd43adb0 DEOPT PACKING pc=0x0000018fec745dec sp=0x000000492d5fce00
Event: 2.195 Thread 0x0000018fdd43adb0 DEOPT UNPACKING pc=0x0000018fe4c923a3 sp=0x000000492d5fcd18 mode 2
Event: 2.195 Thread 0x0000018fdd43adb0 Uncommon trap: trap_request=0xffffff45 fr.pc=0x0000018fec7618bc relative=0x00000000000014dc
Event: 2.195 Thread 0x0000018fdd43adb0 Uncommon trap: reason=unstable_if action=reinterpret pc=0x0000018fec7618bc method=java.io.WinNTFileSystem.normalize(Ljava/lang/String;)Ljava/lang/String; @ 128 c2
Event: 2.195 Thread 0x0000018fdd43adb0 DEOPT PACKING pc=0x0000018fec7618bc sp=0x000000492d5fccc0
Event: 2.195 Thread 0x0000018fdd43adb0 DEOPT UNPACKING pc=0x0000018fe4c923a3 sp=0x000000492d5fcc98 mode 2
Event: 2.240 Thread 0x0000018fdd43adb0 Uncommon trap: trap_request=0xffffff45 fr.pc=0x0000018fec772fc4 relative=0x0000000000000224
Event: 2.240 Thread 0x0000018fdd43adb0 Uncommon trap: reason=unstable_if action=reinterpret pc=0x0000018fec772fc4 method=java.util.StringTokenizer.scanToken(I)I @ 42 c2
Event: 2.240 Thread 0x0000018fdd43adb0 DEOPT PACKING pc=0x0000018fec772fc4 sp=0x000000492d5fcde0
Event: 2.240 Thread 0x0000018fdd43adb0 DEOPT UNPACKING pc=0x0000018fe4c923a3 sp=0x000000492d5fcd70 mode 2
Event: 2.444 Thread 0x0000018fdd43adb0 Uncommon trap: trap_request=0xffffff45 fr.pc=0x0000018fec740830 relative=0x0000000000000090
Event: 2.444 Thread 0x0000018fdd43adb0 Uncommon trap: reason=unstable_if action=reinterpret pc=0x0000018fec740830 method=sun.reflect.generics.parser.SignatureParser.current()C @ 39 c2
Event: 2.444 Thread 0x0000018fdd43adb0 DEOPT PACKING pc=0x0000018fec740830 sp=0x000000492d5fbe10
Event: 2.444 Thread 0x0000018fdd43adb0 DEOPT UNPACKING pc=0x0000018fe4c923a3 sp=0x000000492d5fbda8 mode 2
Event: 2.605 Thread 0x0000018fdd43adb0 Uncommon trap: trap_request=0xffffff45 fr.pc=0x0000018fec78b6c8 relative=0x00000000000000c8
Event: 2.605 Thread 0x0000018fdd43adb0 Uncommon trap: reason=unstable_if action=reinterpret pc=0x0000018fec78b6c8 method=java.lang.ref.SoftReference.get()Ljava/lang/Object; @ 6 c2
Event: 2.605 Thread 0x0000018fdd43adb0 DEOPT PACKING pc=0x0000018fec78b6c8 sp=0x000000492d5fd140
Event: 2.605 Thread 0x0000018fdd43adb0 DEOPT UNPACKING pc=0x0000018fe4c923a3 sp=0x000000492d5fd0f8 mode 2

Classes unloaded (0 events):
No events

Classes redefined (0 events):
No events

Internal exceptions (20 events):
Event: 1.347 Thread 0x0000018fdd43adb0 Exception <a 'java/lang/NoSuchMethodError'{0x000000008929c720}: 'void java.lang.invoke.DirectMethodHandle$Holder.invokeSpecial(java.lang.Object, java.lang.Object, java.lang.Object, java.lang.Object, java.lang.Object)'> (0x000000008929c720) 
thrown [t:\workspace\open\src\hotspot\share\interpreter\linkResolver.cpp, line 766]
Event: 1.366 Thread 0x0000018fdd43adb0 Exception <a 'java/lang/NoSuchMethodError'{0x00000000892f6600}: 'void java.lang.invoke.DirectMethodHandle$Holder.invokeInterface(java.lang.Object, java.lang.Object, java.lang.Object, java.lang.Object)'> (0x00000000892f6600) 
thrown [t:\workspace\open\src\hotspot\share\interpreter\linkResolver.cpp, line 766]
Event: 1.367 Thread 0x0000018fdd43adb0 Exception <a 'java/lang/IncompatibleClassChangeError'{0x00000000892f9f28}: Found class java.lang.Object, but interface was expected> (0x00000000892f9f28) 
thrown [t:\workspace\open\src\hotspot\share\interpreter\linkResolver.cpp, line 833]
Event: 1.370 Thread 0x0000018fdd43adb0 Exception <a 'java/lang/NoSuchMethodError'{0x00000000891112f8}: 'void java.lang.invoke.DirectMethodHandle$Holder.invokeStatic(java.lang.Object, java.lang.Object, java.lang.Object, java.lang.Object)'> (0x00000000891112f8) 
thrown [t:\workspace\open\src\hotspot\share\interpreter\linkResolver.cpp, line 766]
Event: 1.373 Thread 0x0000018fdd43adb0 Exception <a 'java/lang/NoSuchMethodError'{0x0000000089122b00}: 'java.lang.Object java.lang.invoke.DirectMethodHandle$Holder.invokeVirtual(java.lang.Object, java.lang.Object, java.lang.Object)'> (0x0000000089122b00) 
thrown [t:\workspace\open\src\hotspot\share\interpreter\linkResolver.cpp, line 766]
Event: 1.408 Thread 0x0000018fdd43adb0 Exception <a 'java/lang/NoSuchMethodError'{0x00000000891af3f8}: 'java.lang.Object java.lang.invoke.Invokers$Holder.invokeExact_MT(java.lang.Object, java.lang.Object, java.lang.Object, java.lang.Object, java.lang.Object, java.lang.Object)'> (0x00000000891af3f8) 
thrown [t:\workspace\open\src\hotspot\share\interpreter\linkResolver.cpp, line 766]
Event: 1.411 Thread 0x0000018fdd43adb0 Exception <a 'java/lang/NoSuchMethodError'{0x00000000891beec0}: 'int java.lang.invoke.DirectMethodHandle$Holder.invokeStatic(java.lang.Object, java.lang.Object, java.lang.Object, java.lang.Object, java.lang.Object)'> (0x00000000891beec0) 
thrown [t:\workspace\open\src\hotspot\share\interpreter\linkResolver.cpp, line 766]
Event: 1.473 Thread 0x0000018fdd43adb0 Exception <a 'java/lang/NoSuchMethodError'{0x00000000890ce2b0}: 'int java.lang.invoke.DirectMethodHandle$Holder.invokeStaticInit(java.lang.Object, java.lang.Object, java.lang.Object)'> (0x00000000890ce2b0) 
thrown [t:\workspace\open\src\hotspot\share\interpreter\linkResolver.cpp, line 766]
Event: 1.499 Thread 0x0000018fdd43adb0 Exception <a 'java/lang/NoSuchMethodError'{0x0000000088f03180}: 'int java.lang.invoke.DirectMethodHandle$Holder.invokeStaticInit(java.lang.Object, java.lang.Object)'> (0x0000000088f03180) 
thrown [t:\workspace\open\src\hotspot\share\interpreter\linkResolver.cpp, line 766]
Event: 1.661 Thread 0x0000018fdd43adb0 Exception <a 'java/lang/ClassNotFoundException'{0x0000000088ce4998}: javax/smartcardio/CardPermission> (0x0000000088ce4998) 
thrown [t:\workspace\open\src\hotspot\share\classfile\systemDictionary.cpp, line 256]
Event: 1.668 Thread 0x0000018fdd43adb0 Exception <a 'java/io/FileNotFoundException'{0x0000000088cf3438}> (0x0000000088cf3438) 
thrown [t:\workspace\open\src\hotspot\share\prims\jni.cpp, line 516]
Event: 1.810 Thread 0x0000018fdd43adb0 Exception <a 'java/lang/NoSuchMethodError'{0x00000000889a3e08}: 'org.slf4j.impl.StaticMDCBinder org.slf4j.impl.StaticMDCBinder.getSingleton()'> (0x00000000889a3e08) 
thrown [t:\workspace\open\src\hotspot\share\interpreter\linkResolver.cpp, line 766]
Event: 1.836 Thread 0x0000018fdd43adb0 Exception <a 'java/lang/IncompatibleClassChangeError'{0x0000000088823288}: Found class java.lang.Object, but interface was expected> (0x0000000088823288) 
thrown [t:\workspace\open\src\hotspot\share\interpreter\linkResolver.cpp, line 833]
Event: 1.915 Thread 0x0000018fdd43adb0 Exception <a 'java/lang/NoSuchMethodError'{0x00000000893a7050}: 'int java.lang.invoke.DirectMethodHandle$Holder.invokeInterface(java.lang.Object, java.lang.Object)'> (0x00000000893a7050) 
thrown [t:\workspace\open\src\hotspot\share\interpreter\linkResolver.cpp, line 766]
Event: 2.387 Thread 0x0000018fdd43adb0 Exception <a 'java/lang/NoSuchMethodError'{0x0000000088b37110}: 'void java.lang.invoke.DirectMethodHandle$Holder.invokeVirtual(java.lang.Object, java.lang.Object, java.lang.Object, java.lang.Object)'> (0x0000000088b37110) 
thrown [t:\workspace\open\src\hotspot\share\interpreter\linkResolver.cpp, line 766]
Event: 2.676 Thread 0x0000018fdd43adb0 Exception <a 'java/lang/NoSuchMethodError'{0x0000000088328968}: 'java.lang.Object java.lang.invoke.DirectMethodHandle$Holder.newInvokeSpecial(java.lang.Object, java.lang.Object, java.lang.Object, java.lang.Object, java.lang.Object, java.lang.Object, java.lang.Object)'> (0x0000000088328968) 
thrown [t:\workspace\open\src\hotspot\share\interpreter\linkResolver.cpp, line 766]
Event: 2.676 Thread 0x0000018fdd43adb0 Exception <a 'java/lang/NoSuchMethodError'{0x000000008832d520}: 'java.lang.Object java.lang.invoke.Invokers$Holder.linkToTargetMethod(java.lang.Object, java.lang.Object, java.lang.Object, java.lang.Object, java.lang.Object, java.lang.Object, java.lang.Object)'> (0x000000008832d520) 
thrown [t:\workspace\open\src\hotspot\share\interpreter\linkResolver.cpp, line 766]
Event: 2.678 Thread 0x0000018fdd43adb0 Exception <a 'java/lang/NoSuchMethodError'{0x00000000883388d8}: 'java.lang.Object java.lang.invoke.DirectMethodHandle$Holder.invokeInterface(java.lang.Object, java.lang.Object, java.lang.Object, java.lang.Object, java.lang.Object)'> (0x00000000883388d8) 
thrown [t:\workspace\open\src\hotspot\share\interpreter\linkResolver.cpp, line 766]
Event: 2.678 Thread 0x0000018fdd43adb0 Exception <a 'java/lang/IncompatibleClassChangeError'{0x000000008833c6d0}: Found class java.lang.Object, but interface was expected> (0x000000008833c6d0) 
thrown [t:\workspace\open\src\hotspot\share\interpreter\linkResolver.cpp, line 833]
Event: 2.710 Thread 0x0000018fdd43adb0 Exception <a 'java/lang/NoSuchMethodError'{0x00000000883ebc48}: 'int java.lang.invoke.DirectMethodHandle$Holder.invokeVirtual(java.lang.Object, java.lang.Object, java.lang.Object)'> (0x00000000883ebc48) 
thrown [t:\workspace\open\src\hotspot\share\interpreter\linkResolver.cpp, line 766]

VM Operations (20 events):
Event: 1.236 Executing VM operation: G1CollectForAllocation
Event: 1.254 Executing VM operation: G1CollectForAllocation done
Event: 1.673 Executing VM operation: HandshakeAllThreads
Event: 1.673 Executing VM operation: HandshakeAllThreads done
Event: 1.676 Executing VM operation: HandshakeAllThreads
Event: 1.676 Executing VM operation: HandshakeAllThreads done
Event: 1.784 Executing VM operation: HandshakeAllThreads
Event: 1.784 Executing VM operation: HandshakeAllThreads done
Event: 1.834 Executing VM operation: HandshakeAllThreads
Event: 1.834 Executing VM operation: HandshakeAllThreads done
Event: 1.834 Executing VM operation: HandshakeAllThreads
Event: 1.834 Executing VM operation: HandshakeAllThreads done
Event: 1.873 Executing VM operation: G1CollectForAllocation
Event: 1.878 Executing VM operation: G1CollectForAllocation done
Event: 1.923 Executing VM operation: HandshakeAllThreads
Event: 1.923 Executing VM operation: HandshakeAllThreads done
Event: 2.169 Executing VM operation: HandshakeAllThreads
Event: 2.169 Executing VM operation: HandshakeAllThreads done
Event: 2.682 Executing VM operation: HandshakeAllThreads
Event: 2.682 Executing VM operation: HandshakeAllThreads done

Events (20 events):
Event: 2.660 loading class jdk/internal/reflect/UnsafeFieldAccessorFactory
Event: 2.660 loading class jdk/internal/reflect/UnsafeFieldAccessorFactory done
Event: 2.661 loading class jdk/internal/reflect/UnsafeQualifiedStaticIntegerFieldAccessorImpl
Event: 2.661 loading class jdk/internal/reflect/UnsafeQualifiedStaticFieldAccessorImpl
Event: 2.661 loading class jdk/internal/reflect/UnsafeQualifiedStaticFieldAccessorImpl done
Event: 2.661 loading class jdk/internal/reflect/UnsafeQualifiedStaticIntegerFieldAccessorImpl done
Event: 2.673 loading class java/util/EventObject
Event: 2.673 loading class java/util/EventObject done
Event: 2.681 loading class java/util/ArrayList$ListItr
Event: 2.681 loading class java/util/ArrayList$ListItr done
Event: 2.699 loading class java/util/concurrent/TimeoutException
Event: 2.699 loading class java/util/concurrent/TimeoutException done
Event: 2.742 loading class java/util/concurrent/CountDownLatch
Event: 2.742 loading class java/util/concurrent/CountDownLatch done
Event: 2.742 loading class java/util/concurrent/CountDownLatch$Sync
Event: 2.742 loading class java/util/concurrent/CountDownLatch$Sync done
Event: 2.745 loading class java/lang/StackTraceElement$HashedModules
Event: 2.746 loading class java/lang/StackTraceElement$HashedModules done
Event: 2.753 loading class java/nio/file/InvalidPathException
Event: 2.753 loading class java/nio/file/InvalidPathException done


Dynamic libraries:
0x00007ff759b50000 - 0x00007ff759b60000 	C:\Program Files\Java\jdk-17.0.1\bin\java.exe
0x00007ffdac390000 - 0x00007ffdac585000 	C:\WINDOWS\SYSTEM32\ntdll.dll
0x00007ffdaaff0000 - 0x00007ffdab0ae000 	C:\WINDOWS\System32\KERNEL32.DLL
0x00007ffda9aa0000 - 0x00007ffda9d68000 	C:\WINDOWS\System32\KERNELBASE.dll
0x00007ffda9f80000 - 0x00007ffdaa080000 	C:\WINDOWS\System32\ucrtbase.dll
0x00007ffd67480000 - 0x00007ffd67498000 	C:\Program Files\Java\jdk-17.0.1\bin\jli.dll
0x00007ffdaa850000 - 0x00007ffdaa8fc000 	C:\WINDOWS\System32\ADVAPI32.dll
0x00007ffdaac90000 - 0x00007ffdaad2e000 	C:\WINDOWS\System32\msvcrt.dll
0x00007ffdaa480000 - 0x00007ffdaa51b000 	C:\WINDOWS\System32\sechost.dll
0x00007ffdabec0000 - 0x00007ffdabfea000 	C:\WINDOWS\System32\RPCRT4.dll
0x00007ffdaa9e0000 - 0x00007ffdaab81000 	C:\WINDOWS\System32\USER32.dll
0x00007ffdaa080000 - 0x00007ffdaa0a2000 	C:\WINDOWS\System32\win32u.dll
0x00007ffdab6d0000 - 0x00007ffdab6fb000 	C:\WINDOWS\System32\GDI32.dll
0x00007ffdaa2c0000 - 0x00007ffdaa3cd000 	C:\WINDOWS\System32\gdi32full.dll
0x00007ffdaa160000 - 0x00007ffdaa1fd000 	C:\WINDOWS\System32\msvcp_win.dll
0x00007ffd8d2d0000 - 0x00007ffd8d56a000 	C:\WINDOWS\WinSxS\amd64_microsoft.windows.common-controls_6595b64144ccf1df_6.0.19041.1110_none_60b5254171f9507e\COMCTL32.dll
0x00007ffda27b0000 - 0x00007ffda27ba000 	C:\WINDOWS\SYSTEM32\VERSION.dll
0x00007ffd6b620000 - 0x00007ffd6b63a000 	C:\Program Files\Java\jdk-17.0.1\bin\VCRUNTIME140.dll
0x00007ffdaab90000 - 0x00007ffdaabc0000 	C:\WINDOWS\System32\IMM32.DLL
0x00007ffd8eca0000 - 0x00007ffd8ecac000 	C:\Program Files\Java\jdk-17.0.1\bin\vcruntime140_1.dll
0x00007ffd61790000 - 0x00007ffd6181d000 	C:\Program Files\Java\jdk-17.0.1\bin\msvcp140.dll
0x00007ffd4ed30000 - 0x00007ffd4f8ee000 	C:\Program Files\Java\jdk-17.0.1\bin\server\jvm.dll
0x00007ffdab0b0000 - 0x00007ffdab0b8000 	C:\WINDOWS\System32\PSAPI.DLL
0x00007ffd9b380000 - 0x00007ffd9b389000 	C:\WINDOWS\SYSTEM32\WSOCK32.dll
0x00007ffdab700000 - 0x00007ffdab76b000 	C:\WINDOWS\System32\WS2_32.dll
0x00007ffd8cc60000 - 0x00007ffd8cc87000 	C:\WINDOWS\SYSTEM32\WINMM.dll
0x00007ffda86a0000 - 0x00007ffda86b2000 	C:\WINDOWS\SYSTEM32\kernel.appcore.dll
0x00007ffd8cab0000 - 0x00007ffd8caba000 	C:\Program Files\Java\jdk-17.0.1\bin\jimage.dll
0x00007ffda8090000 - 0x00007ffda8274000 	C:\WINDOWS\SYSTEM32\DBGHELP.DLL
0x00007ffda44e0000 - 0x00007ffda450c000 	C:\WINDOWS\SYSTEM32\dbgcore.DLL
0x00007ffdaa200000 - 0x00007ffdaa282000 	C:\WINDOWS\System32\bcryptPrimitives.dll
0x00007ffd89d90000 - 0x00007ffd89d9e000 	C:\Program Files\Java\jdk-17.0.1\bin\instrument.dll
0x00007ffd67450000 - 0x00007ffd67475000 	C:\Program Files\Java\jdk-17.0.1\bin\java.dll
0x00007ffd616b0000 - 0x00007ffd61786000 	C:\Program Files\Java\jdk-17.0.1\bin\svml.dll
0x00007ffdab770000 - 0x00007ffdabeb4000 	C:\WINDOWS\System32\SHELL32.dll
0x00007ffda77d0000 - 0x00007ffda7f64000 	C:\WINDOWS\SYSTEM32\windows.storage.dll
0x00007ffdabff0000 - 0x00007ffdac345000 	C:\WINDOWS\System32\combase.dll
0x00007ffda94f0000 - 0x00007ffda951e000 	C:\WINDOWS\SYSTEM32\Wldp.dll
0x00007ffdaa3d0000 - 0x00007ffdaa47d000 	C:\WINDOWS\System32\SHCORE.dll
0x00007ffdab610000 - 0x00007ffdab665000 	C:\WINDOWS\System32\shlwapi.dll
0x00007ffda99e0000 - 0x00007ffda99ff000 	C:\WINDOWS\SYSTEM32\profapi.dll
0x00007ffd64f30000 - 0x00007ffd64f48000 	C:\Program Files\Java\jdk-17.0.1\bin\zip.dll
0x00007ffd65c70000 - 0x00007ffd65c89000 	C:\Program Files\Java\jdk-17.0.1\bin\net.dll
0x00007ffda00d0000 - 0x00007ffda01dc000 	C:\WINDOWS\SYSTEM32\WINHTTP.dll
0x00007ffda9250000 - 0x00007ffda92ba000 	C:\WINDOWS\system32\mswsock.dll
0x00007ffd65b00000 - 0x00007ffd65b15000 	C:\Program Files\Java\jdk-17.0.1\bin\nio.dll
0x00007ffd62d00000 - 0x00007ffd62d1a000 	C:\Program Files\JetBrains\IntelliJ IDEA Community Edition 2021.2.3\bin\breakgen64.dll
0x00007ffd8c7d0000 - 0x00007ffd8c7e0000 	C:\Program Files\Java\jdk-17.0.1\bin\verify.dll
0x00007ffd898c0000 - 0x00007ffd898c9000 	C:\Program Files\Java\jdk-17.0.1\bin\management.dll
0x00007ffd89860000 - 0x00007ffd8986b000 	C:\Program Files\Java\jdk-17.0.1\bin\management_ext.dll
0x00007ffda4dd0000 - 0x00007ffda4de7000 	C:\WINDOWS\system32\napinsp.dll
0x00007ffda4f30000 - 0x00007ffda4f4b000 	C:\WINDOWS\system32\pnrpnsp.dll
0x00007ffda4270000 - 0x00007ffda4285000 	C:\WINDOWS\system32\wshbth.dll
0x00007ffda2b50000 - 0x00007ffda2b6d000 	C:\WINDOWS\system32\NLAapi.dll
0x00007ffda8ed0000 - 0x00007ffda8f0b000 	C:\WINDOWS\SYSTEM32\IPHLPAPI.DLL
0x00007ffda8f30000 - 0x00007ffda8ffb000 	C:\WINDOWS\SYSTEM32\DNSAPI.dll
0x00007ffdaaef0000 - 0x00007ffdaaef8000 	C:\WINDOWS\System32\NSI.dll
0x00007ffda4f10000 - 0x00007ffda4f22000 	C:\WINDOWS\System32\winrnr.dll
0x00007ffd9bbc0000 - 0x00007ffd9bbca000 	C:\Windows\System32\rasadhlp.dll
0x00007ffd9b820000 - 0x00007ffd9b89f000 	C:\WINDOWS\System32\fwpuclnt.dll
0x00007ffdaa290000 - 0x00007ffdaa2b7000 	C:\WINDOWS\System32\bcrypt.dll

dbghelp: loaded successfully - version: 4.0.5 - missing functions: none
symbol engine: initialized successfully - sym options: 0x614 - pdb path: .;C:\Program Files\Java\jdk-17.0.1\bin;C:\WINDOWS\SYSTEM32;C:\WINDOWS\WinSxS\amd64_microsoft.windows.common-controls_6595b64144ccf1df_6.0.19041.1110_none_60b5254171f9507e;C:\Program Files\Java\jdk-17.0.1\bin\server;C:\Program Files\JetBrains\IntelliJ IDEA Community Edition 2021.2.3\bin

VM Arguments:
jvm_args: -ea -Didea.test.cyclic.buffer.size=1048576 -javaagent:C:\Program Files\JetBrains\IntelliJ IDEA Community Edition 2021.2.3\lib\idea_rt.jar=56850:C:\Program Files\JetBrains\IntelliJ IDEA Community Edition 2021.2.3\bin -Dfile.encoding=UTF-8 
java_command: com.intellij.rt.junit.JUnitStarter -ideVersion5 -junit5 com.example.RESTfulTest.controller.WidgetRestControllerTest,testUpdateWidget
java_class_path (initial): C:\Users\Alejandro\.m2\repository\org\junit\platform\junit-platform-launcher\1.7.2\junit-platform-launcher-1.7.2.jar;C:\Program Files\JetBrains\IntelliJ IDEA Community Edition 2021.2.3\lib\idea_rt.jar;C:\Program Files\JetBrains\IntelliJ IDEA Community Edition 2021.2.3\plugins\junit\lib\junit5-rt.jar;C:\Program Files\JetBrains\IntelliJ IDEA Community Edition 2021.2.3\plugins\junit\lib\junit-rt.jar;C:\Pruebas_Controlador\RESTful-Test-1\target\test-classes;C:\Pruebas_Controlador\RESTful-Test-1\target\classes;C:\Users\Alejandro\.m2\repository\org\springframework\boot\spring-boot-starter-data-mongodb\2.5.1\spring-boot-starter-data-mongodb-2.5.1.jar;C:\Users\Alejandro\.m2\repository\org\springframework\boot\spring-boot-starter\2.5.1\spring-boot-starter-2.5.1.jar;C:\Users\Alejandro\.m2\repository\org\springframework\boot\spring-boot\2.5.1\spring-boot-2.5.1.jar;C:\Users\Alejandro\.m2\repository\org\springframework\boot\spring-boot-autoconfigure\2.5.1\spring-boot-autoconfigure-2.5.1.jar;C:\Users\Alejandro\.m2\repository\org\springframework\boot\spring-boot-starter-logging\2.5.1\spring-boot-starter-logging-2.5.1.jar;C:\Users\Alejandro\.m2\repository\ch\qos\logback\logback-classic\1.2.3\logback-classic-1.2.3.jar;C:\Users\Alejandro\.m2\repository\ch\qos\logback\logback-core\1.2.3\logback-core-1.2.3.jar;C:\Users\Alejandro\.m2\repository\org\apache\logging\log4j\log4j-to-slf4j\2.14.1\log4j-to-slf4j-2.14.1.jar;C:\Users\Alejandro\.m2\repository\org\apache\logging\log4j\log4j-api\2.14.1\log4j-api-2.14.1.jar;C:\Users\Alejandro\.m2\repository\org\slf4j\jul-to-slf4j\1.7.30\jul-to-slf4j-1.7.30.jar;C:\Users\Alejandro\.m2\repository\jakarta\annotation\jakarta.annotation-api\1.3.5\jakarta.annotation-api-1.3.5.jar;C:\Users\Alejandro\.m2\repository\org\yaml\snakeyaml\1.28\snakeyaml-1.28.jar;C:\Users\Alejandro\.m2\repository\org\mongodb\mongodb-driver-sync\4.2.3\mongodb-driver-sync-4.2.3.jar;C:\Users\Alejandro\.m2\repository\org\mongodb\bson\4.2.3\bson-4.2.3.jar;C
Launcher Type: SUN_STANDARD

[Global flags]
     intx CICompilerCount                          = 3                                         {product} {ergonomic}
     uint ConcGCThreads                            = 1                                         {product} {ergonomic}
     uint G1ConcRefinementThreads                  = 4                                         {product} {ergonomic}
   size_t G1HeapRegionSize                         = 1048576                                   {product} {ergonomic}
    uintx GCDrainStackTargetSize                   = 64                                        {product} {ergonomic}
   size_t InitialHeapSize                          = 134217728                                 {product} {ergonomic}
   size_t MarkStackSize                            = 4194304                                   {product} {ergonomic}
   size_t MaxHeapSize                              = 2126512128                                {product} {ergonomic}
   size_t MaxNewSize                               = 1275068416                                {product} {ergonomic}
   size_t MinHeapDeltaBytes                        = 1048576                                   {product} {ergonomic}
   size_t MinHeapSize                              = 8388608                                   {product} {ergonomic}
    uintx NonNMethodCodeHeapSize                   = 5832780                                {pd product} {ergonomic}
    uintx NonProfiledCodeHeapSize                  = 122912730                              {pd product} {ergonomic}
    uintx ProfiledCodeHeapSize                     = 122912730                              {pd product} {ergonomic}
    uintx ReservedCodeCacheSize                    = 251658240                              {pd product} {ergonomic}
     bool SegmentedCodeCache                       = true                                      {product} {ergonomic}
   size_t SoftMaxHeapSize                          = 2126512128                             {manageable} {ergonomic}
     bool UseCompressedClassPointers               = true                           {product lp64_product} {ergonomic}
     bool UseCompressedOops                        = true                           {product lp64_product} {ergonomic}
     bool UseG1GC                                  = true                                      {product} {ergonomic}
     bool UseLargePagesIndividualAllocation        = false                                  {pd product} {ergonomic}

Logging:
Log output configuration:
 #0: stdout all=warning uptime,level,tags
 #1: stderr all=off uptime,level,tags

Environment Variables:
JAVA_HOME=C:\Program Files\Java\jdk-17.0.1
PATH=C:\Program Files\Common Files\Oracle\Java\javapath;C:\Program Files\Eclipse Adoptium\jdk-17.0.1.12-hotspot\bin;C:\Program Files (x86)\Common Files\Oracle\Java\javapath;C:\windows\system32;C:\windows;C:\windows\System32\Wbem;C:\windows\System32\WindowsPowerShell\v1.0\;C:\Program Files\Java\jdk-17.0.1\bin;C:\windows\System32\OpenSSH\;C:\Program Files (x86)\NVIDIA Corporation\PhysX\Common;C:\WINDOWS\system32;C:\WINDOWS;C:\WINDOWS\System32\Wbem;C:\WINDOWS\System32\WindowsPowerShell\v1.0\;C:\WINDOWS\System32\OpenSSH\;C:\Program Files\Microsoft SQL Server\Client SDK\ODBC\170\Tools\Binn\;C:\Program Files (x86)\Microsoft SQL Server\150\Tools\Binn\;C:\Program Files\Microsoft SQL Server\150\Tools\Binn\;C:\Program Files\Microsoft SQL Server\150\DTS\Binn\;C:\Program Files (x86)\Microsoft SQL Server\150\DTS\Binn\;C:\Program Files\dotnet\;C:\Program Files\Microsoft SQL Server\130\Tools\Binn\;C:\Users\Alejandro\AppData\Local\Android\Sdk\emulator;C:\Users\Alejandro\AppData\Local\Android\Sdk\platform-tools;C:\Program Files\Git\cmd;C:\xampp\php;C:\ProgramData\ComposerSetup\bin;C:\Program Files\nodejs\;C:\Gradle\gradle-7.3.1\bin;C:\Program Files\MySQL\MySQL Shell 8.0\bin\;C:\Users\Alejandro\AppData\Local\Microsoft\WindowsApps;C:\Users\Alejandro\.dotnet\tools;C:\Users\Alejandro\AppData\Roaming\Composer\vendor\bin;C:\Program Files\heroku\bin;C:\Users\Alejandro\AppData\Roaming\npm;C:\apache-maven-3.8.4\bin;";C:\apache-maven-3.8.4\bin;";";%Java%\bin;";
USERNAME=Alejandro
OS=Windows_NT
PROCESSOR_IDENTIFIER=Intel64 Family 6 Model 142 Stepping 9, GenuineIntel



---------------  S Y S T E M  ---------------

OS:
 Windows 10 , 64 bit Build 19041 (10.0.19041.1348)
OS uptime: 6 days 19:08 hours

CPU: total 4 (initial active 4) (2 cores per cpu, 2 threads per core) family 6 model 142 stepping 9 microcode 0xb4, cx8, cmov, fxsr, ht, mmx, 3dnowpref, sse, sse2, sse3, ssse3, sse4.1, sse4.2, popcnt, lzcnt, tsc, tscinvbit, avx, avx2, aes, erms, clmul, bmi1, bmi2, adx, fma, vzeroupper, clflush, clflushopt

Memory: 4k page, system-wide physical 8107M (494M free)
TotalPageFile size 11925M (AvailPageFile size 0M)
current process WorkingSet (physical memory assigned to process): 117M, peak: 117M
current process commit charge ("private bytes"): 248M, peak: 248M

vm_info: Java HotSpot(TM) 64-Bit Server VM (17.0.1+12-LTS-39) for windows-amd64 JRE (17.0.1+12-LTS-39), built on Sep 27 2021 18:41:35 by "mach5one" with MS VC++ 16.8 (VS2019)

END.
