#
# There is insufficient memory for the Java Runtime Environment to continue.
# Native memory allocation (malloc) failed to allocate 498096 bytes for Chunk::new
# Possible reasons:
#   The system is out of physical RAM or swap space
#   The process is running with CompressedOops enabled, and the Java Heap may be blocking the growth of the native heap
# Possible solutions:
#   Reduce memory load on the system
#   Increase physical memory or swap space
#   Check if swap backing store is full
#   Decrease Java heap size (-Xmx/-Xms)
#   Decrease number of Java threads
#   Decrease Java thread stack sizes (-Xss)
#   Set larger code cache with -XX:ReservedCodeCacheSize=
#   JVM is running with Unscaled Compressed Oops mode in which the Java heap is
#     placed in the first 4GB address space. The Java Heap base address is the
#     maximum limit for the native heap growth. Please use -XX:HeapBaseMinAddress
#     to set the Java Heap base and to place the Java Heap above 4GB virtual address.
# This output file may be truncated or incomplete.
#
#  Out of Memory Error (arena.cpp:189), pid=15896, tid=20412
#
# JRE version: Java(TM) SE Runtime Environment (17.0.1+12) (build 17.0.1+12-LTS-39)
# Java VM: Java HotSpot(TM) 64-Bit Server VM (17.0.1+12-LTS-39, mixed mode, sharing, tiered, compressed oops, compressed class ptrs, g1 gc, windows-amd64)
# No core dump will be written. Minidumps are not enabled by default on client versions of Windows
#

---------------  S U M M A R Y ------------

Command Line: -ea -Didea.test.cyclic.buffer.size=1048576 -javaagent:C:\Program Files\JetBrains\IntelliJ IDEA Community Edition 2021.2.3\lib\idea_rt.jar=53742:C:\Program Files\JetBrains\IntelliJ IDEA Community Edition 2021.2.3\bin -Dfile.encoding=UTF-8 com.intellij.rt.junit.JUnitStarter -ideVersion5 -junit5 com.example.RESTfulTest.controller.WidgetRestControllerTest,testUpdateWidget

Host: Intel(R) Core(TM) i7-7500U CPU @ 2.70GHz, 4 cores, 7G,  Windows 10 , 64 bit Build 19041 (10.0.19041.1348)
Time: Wed Dec 29 15:18:13 2021 Hora est. Pacífico, Sudamérica elapsed time: 2.103535 seconds (0d 0h 0m 2s)

---------------  T H R E A D  ---------------

Current thread (0x0000029722ce18f0):  JavaThread "C2 CompilerThread1" daemon [_thread_in_native, id=20412, stack(0x000000a6b2400000,0x000000a6b2500000)]


Current CompileTask:
C2:   2103 1585 %     4       jdk.internal.loader.URLClassPath::getResource @ 39 (74 bytes)

Stack: [0x000000a6b2400000,0x000000a6b2500000]
Native frames: (J=compiled Java code, j=interpreted, Vv=VM code, C=native code)
V  [jvm.dll+0x66fa1a]
V  [jvm.dll+0x7ce5a4]
V  [jvm.dll+0x7cfd4e]
V  [jvm.dll+0x7d03b3]
V  [jvm.dll+0x242b05]
V  [jvm.dll+0xaa05b]
V  [jvm.dll+0xaa5ec]
V  [jvm.dll+0x2a953f]
V  [jvm.dll+0x5785a9]
V  [jvm.dll+0x21dd7d]
V  [jvm.dll+0x21e15f]
V  [jvm.dll+0x217a2a]
V  [jvm.dll+0x214f05]
V  [jvm.dll+0x1a168d]
V  [jvm.dll+0x224848]
V  [jvm.dll+0x2229ac]
V  [jvm.dll+0x78435b]
V  [jvm.dll+0x77e91a]
V  [jvm.dll+0x66e845]
C  [ucrtbase.dll+0x21bb2]
C  [KERNEL32.DLL+0x17034]
C  [ntdll.dll+0x52651]


---------------  P R O C E S S  ---------------

Threads class SMR info:
_java_thread_list=0x0000029722d12620, length=14, elements={
0x0000029703dca920, 0x00000297215a2530, 0x00000297215a52c0, 0x00000297215b30e0,
0x00000297215b59b0, 0x00000297215b6270, 0x00000297215c0b60, 0x00000297215c4d00,
0x00000297215c56b0, 0x00000297215d8b90, 0x00000297220356d0, 0x0000029722142400,
0x00000297221428d0, 0x0000029722ce18f0
}

Java Threads: ( => current thread )
  0x0000029703dca920 JavaThread "main" [_thread_in_vm, id=21196, stack(0x000000a6b1000000,0x000000a6b1100000)]
  0x00000297215a2530 JavaThread "Reference Handler" daemon [_thread_blocked, id=21472, stack(0x000000a6b1700000,0x000000a6b1800000)]
  0x00000297215a52c0 JavaThread "Finalizer" daemon [_thread_blocked, id=19612, stack(0x000000a6b1800000,0x000000a6b1900000)]
  0x00000297215b30e0 JavaThread "Signal Dispatcher" daemon [_thread_blocked, id=8272, stack(0x000000a6b1900000,0x000000a6b1a00000)]
  0x00000297215b59b0 JavaThread "Attach Listener" daemon [_thread_blocked, id=5488, stack(0x000000a6b1a00000,0x000000a6b1b00000)]
  0x00000297215b6270 JavaThread "Service Thread" daemon [_thread_blocked, id=10960, stack(0x000000a6b1b00000,0x000000a6b1c00000)]
  0x00000297215c0b60 JavaThread "Monitor Deflation Thread" daemon [_thread_blocked, id=18884, stack(0x000000a6b1c00000,0x000000a6b1d00000)]
  0x00000297215c4d00 JavaThread "C2 CompilerThread0" daemon [_thread_in_native, id=15708, stack(0x000000a6b1d00000,0x000000a6b1e00000)]
  0x00000297215c56b0 JavaThread "C1 CompilerThread0" daemon [_thread_in_native, id=15040, stack(0x000000a6b1e00000,0x000000a6b1f00000)]
  0x00000297215d8b90 JavaThread "Sweeper thread" daemon [_thread_blocked, id=16852, stack(0x000000a6b1f00000,0x000000a6b2000000)]
  0x00000297220356d0 JavaThread "Common-Cleaner" daemon [_thread_blocked, id=18328, stack(0x000000a6b2000000,0x000000a6b2100000)]
  0x0000029722142400 JavaThread "Monitor Ctrl-Break" daemon [_thread_in_native, id=21464, stack(0x000000a6b2100000,0x000000a6b2200000)]
  0x00000297221428d0 JavaThread "Notification Thread" daemon [_thread_blocked, id=7888, stack(0x000000a6b2200000,0x000000a6b2300000)]
=>0x0000029722ce18f0 JavaThread "C2 CompilerThread1" daemon [_thread_in_native, id=20412, stack(0x000000a6b2400000,0x000000a6b2500000)]

Other Threads:
  0x000002972159d160 VMThread "VM Thread" [stack: 0x000000a6b1600000,0x000000a6b1700000] [id=9424]
  0x000002972211b670 WatcherThread [stack: 0x000000a6b2300000,0x000000a6b2400000] [id=3768]
  0x0000029703e08f10 GCTaskThread "GC Thread#0" [stack: 0x000000a6b1100000,0x000000a6b1200000] [id=9020]
  0x0000029722ae2710 GCTaskThread "GC Thread#1" [stack: 0x000000a6b2500000,0x000000a6b2600000] [id=13996]
  0x0000029722ae29c0 GCTaskThread "GC Thread#2" [stack: 0x000000a6b2600000,0x000000a6b2700000] [id=20960]
  0x0000029722adf010 GCTaskThread "GC Thread#3" [stack: 0x000000a6b2700000,0x000000a6b2800000] [id=11120]
  0x0000029703e1bb00 ConcurrentGCThread "G1 Main Marker" [stack: 0x000000a6b1200000,0x000000a6b1300000] [id=17292]
  0x0000029703e1dbd0 ConcurrentGCThread "G1 Conc#0" [stack: 0x000000a6b1300000,0x000000a6b1400000] [id=8812]
  0x0000029703e96210 ConcurrentGCThread "G1 Refine#0" [stack: 0x000000a6b1400000,0x000000a6b1500000] [id=13912]
  0x0000029703e96b40 ConcurrentGCThread "G1 Service" [stack: 0x000000a6b1500000,0x000000a6b1600000] [id=536]

Threads with active compile tasks:
C2 CompilerThread0     2166 1611 %     4       java.io.WinNTFileSystem::normalize @ 22 (143 bytes)
C1 CompilerThread0     2166 1630       3       java.lang.invoke.AbstractValidatingLambdaMetafactory::validateMetafactoryArgs (607 bytes)
C2 CompilerThread1     2166 1585 %     4       jdk.internal.loader.URLClassPath::getResource @ 39 (74 bytes)

VM state: not at safepoint (normal execution)

VM Mutex/Monitor currently owned by a thread: None

Heap address: 0x0000000081400000, size: 2028 MB, Compressed Oops mode: 32-bit

CDS archive(s) mapped at: [0x0000000800000000-0x0000000800bc0000-0x0000000800bc0000), size 12320768, SharedBaseAddress: 0x0000000800000000, ArchiveRelocationMode: 0.
Compressed class space mapped at: 0x0000000800c00000-0x0000000840c00000, reserved size: 1073741824
Narrow klass base: 0x0000000800000000, Narrow klass shift: 0, Narrow klass range: 0x100000000

GC Precious Log:
 CPUs: 4 total, 4 available
 Memory: 8107M
 Large Page Support: Disabled
 NUMA Support: Disabled
 Compressed Oops: Enabled (32-bit)
 Heap Region Size: 1M
 Heap Min Capacity: 8M
 Heap Initial Capacity: 128M
 Heap Max Capacity: 2028M
 Pre-touch: Disabled
 Parallel Workers: 4
 Concurrent Workers: 1
 Concurrent Refinement Workers: 4
 Periodic GC: Disabled

Heap:
 garbage-first heap   total 131072K, used 19913K [0x0000000081400000, 0x0000000100000000)
  region size 1024K, 17 young (17408K), 2 survivors (2048K)
 Metaspace       used 9412K, committed 9600K, reserved 1064960K
  class space    used 1182K, committed 1280K, reserved 1048576K

Heap Regions: E=young(eden), S=young(survivor), O=old, HS=humongous(starts), HC=humongous(continues), CS=collection set, F=free, OA=open archive, CA=closed archive, TAMS=top-at-mark-start (previous, next)
|   0|0x0000000081400000, 0x0000000081500000, 0x0000000081500000|100%| O|  |TAMS 0x0000000081400000, 0x0000000081400000| Untracked 
|   1|0x0000000081500000, 0x0000000081600000, 0x0000000081600000|100%| O|  |TAMS 0x0000000081500000, 0x0000000081500000| Untracked 
|   2|0x0000000081600000, 0x0000000081700000, 0x0000000081700000|100%| O|  |TAMS 0x0000000081600000, 0x0000000081600000| Untracked 
|   3|0x0000000081700000, 0x0000000081800000, 0x0000000081800000|100%| O|  |TAMS 0x0000000081700000, 0x0000000081700000| Untracked 
|   4|0x0000000081800000, 0x00000000818ac400, 0x0000000081900000| 67%| O|  |TAMS 0x0000000081800000, 0x0000000081800000| Untracked 
|   5|0x0000000081900000, 0x0000000081900000, 0x0000000081a00000|  0%| F|  |TAMS 0x0000000081900000, 0x0000000081900000| Untracked 
|   6|0x0000000081a00000, 0x0000000081a00000, 0x0000000081b00000|  0%| F|  |TAMS 0x0000000081a00000, 0x0000000081a00000| Untracked 
|   7|0x0000000081b00000, 0x0000000081b00000, 0x0000000081c00000|  0%| F|  |TAMS 0x0000000081b00000, 0x0000000081b00000| Untracked 
|   8|0x0000000081c00000, 0x0000000081c00000, 0x0000000081d00000|  0%| F|  |TAMS 0x0000000081c00000, 0x0000000081c00000| Untracked 
|   9|0x0000000081d00000, 0x0000000081d00000, 0x0000000081e00000|  0%| F|  |TAMS 0x0000000081d00000, 0x0000000081d00000| Untracked 
|  10|0x0000000081e00000, 0x0000000081e00000, 0x0000000081f00000|  0%| F|  |TAMS 0x0000000081e00000, 0x0000000081e00000| Untracked 
|  11|0x0000000081f00000, 0x0000000081f00000, 0x0000000082000000|  0%| F|  |TAMS 0x0000000081f00000, 0x0000000081f00000| Untracked 
|  12|0x0000000082000000, 0x0000000082000000, 0x0000000082100000|  0%| F|  |TAMS 0x0000000082000000, 0x0000000082000000| Untracked 
|  13|0x0000000082100000, 0x0000000082100000, 0x0000000082200000|  0%| F|  |TAMS 0x0000000082100000, 0x0000000082100000| Untracked 
|  14|0x0000000082200000, 0x0000000082200000, 0x0000000082300000|  0%| F|  |TAMS 0x0000000082200000, 0x0000000082200000| Untracked 
|  15|0x0000000082300000, 0x0000000082300000, 0x0000000082400000|  0%| F|  |TAMS 0x0000000082300000, 0x0000000082300000| Untracked 
|  16|0x0000000082400000, 0x0000000082400000, 0x0000000082500000|  0%| F|  |TAMS 0x0000000082400000, 0x0000000082400000| Untracked 
|  17|0x0000000082500000, 0x0000000082500000, 0x0000000082600000|  0%| F|  |TAMS 0x0000000082500000, 0x0000000082500000| Untracked 
|  18|0x0000000082600000, 0x0000000082600000, 0x0000000082700000|  0%| F|  |TAMS 0x0000000082600000, 0x0000000082600000| Untracked 
|  19|0x0000000082700000, 0x0000000082700000, 0x0000000082800000|  0%| F|  |TAMS 0x0000000082700000, 0x0000000082700000| Untracked 
|  20|0x0000000082800000, 0x0000000082800000, 0x0000000082900000|  0%| F|  |TAMS 0x0000000082800000, 0x0000000082800000| Untracked 
|  21|0x0000000082900000, 0x0000000082900000, 0x0000000082a00000|  0%| F|  |TAMS 0x0000000082900000, 0x0000000082900000| Untracked 
|  22|0x0000000082a00000, 0x0000000082a00000, 0x0000000082b00000|  0%| F|  |TAMS 0x0000000082a00000, 0x0000000082a00000| Untracked 
|  23|0x0000000082b00000, 0x0000000082b00000, 0x0000000082c00000|  0%| F|  |TAMS 0x0000000082b00000, 0x0000000082b00000| Untracked 
|  24|0x0000000082c00000, 0x0000000082c00000, 0x0000000082d00000|  0%| F|  |TAMS 0x0000000082c00000, 0x0000000082c00000| Untracked 
|  25|0x0000000082d00000, 0x0000000082d00000, 0x0000000082e00000|  0%| F|  |TAMS 0x0000000082d00000, 0x0000000082d00000| Untracked 
|  26|0x0000000082e00000, 0x0000000082e00000, 0x0000000082f00000|  0%| F|  |TAMS 0x0000000082e00000, 0x0000000082e00000| Untracked 
|  27|0x0000000082f00000, 0x0000000082f00000, 0x0000000083000000|  0%| F|  |TAMS 0x0000000082f00000, 0x0000000082f00000| Untracked 
|  28|0x0000000083000000, 0x0000000083000000, 0x0000000083100000|  0%| F|  |TAMS 0x0000000083000000, 0x0000000083000000| Untracked 
|  29|0x0000000083100000, 0x0000000083100000, 0x0000000083200000|  0%| F|  |TAMS 0x0000000083100000, 0x0000000083100000| Untracked 
|  30|0x0000000083200000, 0x0000000083200000, 0x0000000083300000|  0%| F|  |TAMS 0x0000000083200000, 0x0000000083200000| Untracked 
|  31|0x0000000083300000, 0x0000000083300000, 0x0000000083400000|  0%| F|  |TAMS 0x0000000083300000, 0x0000000083300000| Untracked 
|  32|0x0000000083400000, 0x0000000083400000, 0x0000000083500000|  0%| F|  |TAMS 0x0000000083400000, 0x0000000083400000| Untracked 
|  33|0x0000000083500000, 0x0000000083500000, 0x0000000083600000|  0%| F|  |TAMS 0x0000000083500000, 0x0000000083500000| Untracked 
|  34|0x0000000083600000, 0x0000000083600000, 0x0000000083700000|  0%| F|  |TAMS 0x0000000083600000, 0x0000000083600000| Untracked 
|  35|0x0000000083700000, 0x0000000083700000, 0x0000000083800000|  0%| F|  |TAMS 0x0000000083700000, 0x0000000083700000| Untracked 
|  36|0x0000000083800000, 0x0000000083800000, 0x0000000083900000|  0%| F|  |TAMS 0x0000000083800000, 0x0000000083800000| Untracked 
|  37|0x0000000083900000, 0x0000000083900000, 0x0000000083a00000|  0%| F|  |TAMS 0x0000000083900000, 0x0000000083900000| Untracked 
|  38|0x0000000083a00000, 0x0000000083a00000, 0x0000000083b00000|  0%| F|  |TAMS 0x0000000083a00000, 0x0000000083a00000| Untracked 
|  39|0x0000000083b00000, 0x0000000083b00000, 0x0000000083c00000|  0%| F|  |TAMS 0x0000000083b00000, 0x0000000083b00000| Untracked 
|  40|0x0000000083c00000, 0x0000000083c00000, 0x0000000083d00000|  0%| F|  |TAMS 0x0000000083c00000, 0x0000000083c00000| Untracked 
|  41|0x0000000083d00000, 0x0000000083d00000, 0x0000000083e00000|  0%| F|  |TAMS 0x0000000083d00000, 0x0000000083d00000| Untracked 
|  42|0x0000000083e00000, 0x0000000083e00000, 0x0000000083f00000|  0%| F|  |TAMS 0x0000000083e00000, 0x0000000083e00000| Untracked 
|  43|0x0000000083f00000, 0x0000000083f00000, 0x0000000084000000|  0%| F|  |TAMS 0x0000000083f00000, 0x0000000083f00000| Untracked 
|  44|0x0000000084000000, 0x0000000084000000, 0x0000000084100000|  0%| F|  |TAMS 0x0000000084000000, 0x0000000084000000| Untracked 
|  45|0x0000000084100000, 0x0000000084100000, 0x0000000084200000|  0%| F|  |TAMS 0x0000000084100000, 0x0000000084100000| Untracked 
|  46|0x0000000084200000, 0x0000000084200000, 0x0000000084300000|  0%| F|  |TAMS 0x0000000084200000, 0x0000000084200000| Untracked 
|  47|0x0000000084300000, 0x0000000084300000, 0x0000000084400000|  0%| F|  |TAMS 0x0000000084300000, 0x0000000084300000| Untracked 
|  48|0x0000000084400000, 0x0000000084400000, 0x0000000084500000|  0%| F|  |TAMS 0x0000000084400000, 0x0000000084400000| Untracked 
|  49|0x0000000084500000, 0x0000000084500000, 0x0000000084600000|  0%| F|  |TAMS 0x0000000084500000, 0x0000000084500000| Untracked 
|  50|0x0000000084600000, 0x0000000084600000, 0x0000000084700000|  0%| F|  |TAMS 0x0000000084600000, 0x0000000084600000| Untracked 
|  51|0x0000000084700000, 0x0000000084700000, 0x0000000084800000|  0%| F|  |TAMS 0x0000000084700000, 0x0000000084700000| Untracked 
|  52|0x0000000084800000, 0x0000000084800000, 0x0000000084900000|  0%| F|  |TAMS 0x0000000084800000, 0x0000000084800000| Untracked 
|  53|0x0000000084900000, 0x0000000084900000, 0x0000000084a00000|  0%| F|  |TAMS 0x0000000084900000, 0x0000000084900000| Untracked 
|  54|0x0000000084a00000, 0x0000000084a00000, 0x0000000084b00000|  0%| F|  |TAMS 0x0000000084a00000, 0x0000000084a00000| Untracked 
|  55|0x0000000084b00000, 0x0000000084b00000, 0x0000000084c00000|  0%| F|  |TAMS 0x0000000084b00000, 0x0000000084b00000| Untracked 
|  56|0x0000000084c00000, 0x0000000084c00000, 0x0000000084d00000|  0%| F|  |TAMS 0x0000000084c00000, 0x0000000084c00000| Untracked 
|  57|0x0000000084d00000, 0x0000000084d00000, 0x0000000084e00000|  0%| F|  |TAMS 0x0000000084d00000, 0x0000000084d00000| Untracked 
|  58|0x0000000084e00000, 0x0000000084e00000, 0x0000000084f00000|  0%| F|  |TAMS 0x0000000084e00000, 0x0000000084e00000| Untracked 
|  59|0x0000000084f00000, 0x0000000084f00000, 0x0000000085000000|  0%| F|  |TAMS 0x0000000084f00000, 0x0000000084f00000| Untracked 
|  60|0x0000000085000000, 0x0000000085000000, 0x0000000085100000|  0%| F|  |TAMS 0x0000000085000000, 0x0000000085000000| Untracked 
|  61|0x0000000085100000, 0x0000000085100000, 0x0000000085200000|  0%| F|  |TAMS 0x0000000085100000, 0x0000000085100000| Untracked 
|  62|0x0000000085200000, 0x0000000085200000, 0x0000000085300000|  0%| F|  |TAMS 0x0000000085200000, 0x0000000085200000| Untracked 
|  63|0x0000000085300000, 0x0000000085300000, 0x0000000085400000|  0%| F|  |TAMS 0x0000000085300000, 0x0000000085300000| Untracked 
|  64|0x0000000085400000, 0x0000000085400000, 0x0000000085500000|  0%| F|  |TAMS 0x0000000085400000, 0x0000000085400000| Untracked 
|  65|0x0000000085500000, 0x0000000085500000, 0x0000000085600000|  0%| F|  |TAMS 0x0000000085500000, 0x0000000085500000| Untracked 
|  66|0x0000000085600000, 0x0000000085600000, 0x0000000085700000|  0%| F|  |TAMS 0x0000000085600000, 0x0000000085600000| Untracked 
|  67|0x0000000085700000, 0x0000000085700000, 0x0000000085800000|  0%| F|  |TAMS 0x0000000085700000, 0x0000000085700000| Untracked 
|  68|0x0000000085800000, 0x0000000085800000, 0x0000000085900000|  0%| F|  |TAMS 0x0000000085800000, 0x0000000085800000| Untracked 
|  69|0x0000000085900000, 0x0000000085900000, 0x0000000085a00000|  0%| F|  |TAMS 0x0000000085900000, 0x0000000085900000| Untracked 
|  70|0x0000000085a00000, 0x0000000085a00000, 0x0000000085b00000|  0%| F|  |TAMS 0x0000000085a00000, 0x0000000085a00000| Untracked 
|  71|0x0000000085b00000, 0x0000000085b00000, 0x0000000085c00000|  0%| F|  |TAMS 0x0000000085b00000, 0x0000000085b00000| Untracked 
|  72|0x0000000085c00000, 0x0000000085c00000, 0x0000000085d00000|  0%| F|  |TAMS 0x0000000085c00000, 0x0000000085c00000| Untracked 
|  73|0x0000000085d00000, 0x0000000085d00000, 0x0000000085e00000|  0%| F|  |TAMS 0x0000000085d00000, 0x0000000085d00000| Untracked 
|  74|0x0000000085e00000, 0x0000000085e00000, 0x0000000085f00000|  0%| F|  |TAMS 0x0000000085e00000, 0x0000000085e00000| Untracked 
|  75|0x0000000085f00000, 0x0000000085f00000, 0x0000000086000000|  0%| F|  |TAMS 0x0000000085f00000, 0x0000000085f00000| Untracked 
|  76|0x0000000086000000, 0x0000000086000000, 0x0000000086100000|  0%| F|  |TAMS 0x0000000086000000, 0x0000000086000000| Untracked 
|  77|0x0000000086100000, 0x0000000086100000, 0x0000000086200000|  0%| F|  |TAMS 0x0000000086100000, 0x0000000086100000| Untracked 
|  78|0x0000000086200000, 0x0000000086200000, 0x0000000086300000|  0%| F|  |TAMS 0x0000000086200000, 0x0000000086200000| Untracked 
|  79|0x0000000086300000, 0x0000000086300000, 0x0000000086400000|  0%| F|  |TAMS 0x0000000086300000, 0x0000000086300000| Untracked 
|  80|0x0000000086400000, 0x0000000086400000, 0x0000000086500000|  0%| F|  |TAMS 0x0000000086400000, 0x0000000086400000| Untracked 
|  81|0x0000000086500000, 0x0000000086500000, 0x0000000086600000|  0%| F|  |TAMS 0x0000000086500000, 0x0000000086500000| Untracked 
|  82|0x0000000086600000, 0x0000000086600000, 0x0000000086700000|  0%| F|  |TAMS 0x0000000086600000, 0x0000000086600000| Untracked 
|  83|0x0000000086700000, 0x0000000086700000, 0x0000000086800000|  0%| F|  |TAMS 0x0000000086700000, 0x0000000086700000| Untracked 
|  84|0x0000000086800000, 0x0000000086800000, 0x0000000086900000|  0%| F|  |TAMS 0x0000000086800000, 0x0000000086800000| Untracked 
|  85|0x0000000086900000, 0x0000000086900000, 0x0000000086a00000|  0%| F|  |TAMS 0x0000000086900000, 0x0000000086900000| Untracked 
|  86|0x0000000086a00000, 0x0000000086a00000, 0x0000000086b00000|  0%| F|  |TAMS 0x0000000086a00000, 0x0000000086a00000| Untracked 
|  87|0x0000000086b00000, 0x0000000086b00000, 0x0000000086c00000|  0%| F|  |TAMS 0x0000000086b00000, 0x0000000086b00000| Untracked 
|  88|0x0000000086c00000, 0x0000000086c00000, 0x0000000086d00000|  0%| F|  |TAMS 0x0000000086c00000, 0x0000000086c00000| Untracked 
|  89|0x0000000086d00000, 0x0000000086d00000, 0x0000000086e00000|  0%| F|  |TAMS 0x0000000086d00000, 0x0000000086d00000| Untracked 
|  90|0x0000000086e00000, 0x0000000086e00000, 0x0000000086f00000|  0%| F|  |TAMS 0x0000000086e00000, 0x0000000086e00000| Untracked 
|  91|0x0000000086f00000, 0x0000000086f00000, 0x0000000087000000|  0%| F|  |TAMS 0x0000000086f00000, 0x0000000086f00000| Untracked 
|  92|0x0000000087000000, 0x0000000087000000, 0x0000000087100000|  0%| F|  |TAMS 0x0000000087000000, 0x0000000087000000| Untracked 
|  93|0x0000000087100000, 0x0000000087100000, 0x0000000087200000|  0%| F|  |TAMS 0x0000000087100000, 0x0000000087100000| Untracked 
|  94|0x0000000087200000, 0x0000000087200000, 0x0000000087300000|  0%| F|  |TAMS 0x0000000087200000, 0x0000000087200000| Untracked 
|  95|0x0000000087300000, 0x0000000087300000, 0x0000000087400000|  0%| F|  |TAMS 0x0000000087300000, 0x0000000087300000| Untracked 
|  96|0x0000000087400000, 0x0000000087400000, 0x0000000087500000|  0%| F|  |TAMS 0x0000000087400000, 0x0000000087400000| Untracked 
|  97|0x0000000087500000, 0x0000000087500000, 0x0000000087600000|  0%| F|  |TAMS 0x0000000087500000, 0x0000000087500000| Untracked 
|  98|0x0000000087600000, 0x0000000087600000, 0x0000000087700000|  0%| F|  |TAMS 0x0000000087600000, 0x0000000087600000| Untracked 
|  99|0x0000000087700000, 0x0000000087700000, 0x0000000087800000|  0%| F|  |TAMS 0x0000000087700000, 0x0000000087700000| Untracked 
| 100|0x0000000087800000, 0x0000000087800000, 0x0000000087900000|  0%| F|  |TAMS 0x0000000087800000, 0x0000000087800000| Untracked 
| 101|0x0000000087900000, 0x0000000087900000, 0x0000000087a00000|  0%| F|  |TAMS 0x0000000087900000, 0x0000000087900000| Untracked 
| 102|0x0000000087a00000, 0x0000000087a00000, 0x0000000087b00000|  0%| F|  |TAMS 0x0000000087a00000, 0x0000000087a00000| Untracked 
| 103|0x0000000087b00000, 0x0000000087b00000, 0x0000000087c00000|  0%| F|  |TAMS 0x0000000087b00000, 0x0000000087b00000| Untracked 
| 104|0x0000000087c00000, 0x0000000087c00000, 0x0000000087d00000|  0%| F|  |TAMS 0x0000000087c00000, 0x0000000087c00000| Untracked 
| 105|0x0000000087d00000, 0x0000000087d00000, 0x0000000087e00000|  0%| F|  |TAMS 0x0000000087d00000, 0x0000000087d00000| Untracked 
| 106|0x0000000087e00000, 0x0000000087e00000, 0x0000000087f00000|  0%| F|  |TAMS 0x0000000087e00000, 0x0000000087e00000| Untracked 
| 107|0x0000000087f00000, 0x0000000087f00000, 0x0000000088000000|  0%| F|  |TAMS 0x0000000087f00000, 0x0000000087f00000| Untracked 
| 108|0x0000000088000000, 0x0000000088000000, 0x0000000088100000|  0%| F|  |TAMS 0x0000000088000000, 0x0000000088000000| Untracked 
| 109|0x0000000088100000, 0x0000000088100000, 0x0000000088200000|  0%| F|  |TAMS 0x0000000088100000, 0x0000000088100000| Untracked 
| 110|0x0000000088200000, 0x0000000088200000, 0x0000000088300000|  0%| F|  |TAMS 0x0000000088200000, 0x0000000088200000| Untracked 
| 111|0x0000000088300000, 0x00000000883e9078, 0x0000000088400000| 91%| E|  |TAMS 0x0000000088300000, 0x0000000088300000| Complete 
| 112|0x0000000088400000, 0x00000000884c6100, 0x0000000088500000| 77%| S|CS|TAMS 0x0000000088400000, 0x0000000088400000| Complete 
| 113|0x0000000088500000, 0x0000000088600000, 0x0000000088600000|100%| E|CS|TAMS 0x0000000088500000, 0x0000000088500000| Complete 
| 114|0x0000000088600000, 0x0000000088700000, 0x0000000088700000|100%| E|  |TAMS 0x0000000088600000, 0x0000000088600000| Complete 
| 115|0x0000000088700000, 0x0000000088800000, 0x0000000088800000|100%| S|CS|TAMS 0x0000000088700000, 0x0000000088700000| Complete 
| 116|0x0000000088800000, 0x0000000088900000, 0x0000000088900000|100%| E|CS|TAMS 0x0000000088800000, 0x0000000088800000| Complete 
| 117|0x0000000088900000, 0x0000000088a00000, 0x0000000088a00000|100%| E|CS|TAMS 0x0000000088900000, 0x0000000088900000| Complete 
| 118|0x0000000088a00000, 0x0000000088b00000, 0x0000000088b00000|100%| E|CS|TAMS 0x0000000088a00000, 0x0000000088a00000| Complete 
| 119|0x0000000088b00000, 0x0000000088c00000, 0x0000000088c00000|100%| E|CS|TAMS 0x0000000088b00000, 0x0000000088b00000| Complete 
| 120|0x0000000088c00000, 0x0000000088d00000, 0x0000000088d00000|100%| E|CS|TAMS 0x0000000088c00000, 0x0000000088c00000| Complete 
| 121|0x0000000088d00000, 0x0000000088e00000, 0x0000000088e00000|100%| E|CS|TAMS 0x0000000088d00000, 0x0000000088d00000| Complete 
| 122|0x0000000088e00000, 0x0000000088f00000, 0x0000000088f00000|100%| E|CS|TAMS 0x0000000088e00000, 0x0000000088e00000| Complete 
| 123|0x0000000088f00000, 0x0000000089000000, 0x0000000089000000|100%| E|CS|TAMS 0x0000000088f00000, 0x0000000088f00000| Complete 
| 124|0x0000000089000000, 0x0000000089100000, 0x0000000089100000|100%| E|CS|TAMS 0x0000000089000000, 0x0000000089000000| Complete 
| 125|0x0000000089100000, 0x0000000089200000, 0x0000000089200000|100%| E|CS|TAMS 0x0000000089100000, 0x0000000089100000| Complete 
| 126|0x0000000089200000, 0x0000000089300000, 0x0000000089300000|100%| E|CS|TAMS 0x0000000089200000, 0x0000000089200000| Complete 
| 127|0x0000000089300000, 0x0000000089400000, 0x0000000089400000|100%| E|CS|TAMS 0x0000000089300000, 0x0000000089300000| Complete 

Card table byte_map: [0x000002971a9d0000,0x000002971add0000] _byte_map_base: 0x000002971a5c6000

Marking Bits (Prev, Next): (CMBitMap*) 0x0000029703e0a440, (CMBitMap*) 0x0000029703e0a480
 Prev Bits: [0x000002971b1d0000, 0x000002971d180000)
 Next Bits: [0x000002971d180000, 0x000002971f130000)

Polling page: 0x0000029701cb0000

Metaspace:

Usage:
  Non-class:      8.07 MB used.
      Class:      1.16 MB used.
       Both:      9.23 MB used.

Virtual space:
  Non-class space:       16.00 MB reserved,       8.25 MB ( 52%) committed,  2 nodes.
      Class space:        1.00 GB reserved,       1.25 MB ( <1%) committed,  1 nodes.
             Both:        1.02 GB reserved,       9.50 MB ( <1%) committed. 

Chunk freelists:
   Non-Class:  3.12 MB
       Class:  2.61 MB
        Both:  5.73 MB

MaxMetaspaceSize: unlimited
CompressedClassSpaceSize: 1.00 GB
Initial GC threshold: 21.00 MB
Current GC threshold: 21.00 MB
CDS: on
MetaspaceReclaimPolicy: balanced
 - commit_granule_bytes: 65536.
 - commit_granule_words: 8192.
 - virtual_space_node_default_size: 1048576.
 - enlarge_chunks_in_place: 1.
 - new_chunks_are_fully_committed: 0.
 - uncommit_free_chunks: 1.
 - use_allocation_guard: 0.
 - handle_deallocations: 1.


Internal statistics:

num_allocs_failed_limit: 0.
num_arena_births: 106.
num_arena_deaths: 0.
num_vsnodes_births: 3.
num_vsnodes_deaths: 0.
num_space_committed: 152.
num_space_uncommitted: 0.
num_chunks_returned_to_freelist: 0.
num_chunks_taken_from_freelist: 421.
num_chunk_merges: 0.
num_chunk_splits: 258.
num_chunks_enlarged: 182.
num_purges: 0.
num_inconsistent_stats: 0.

CodeHeap 'non-profiled nmethods': size=120000Kb used=583Kb max_used=583Kb free=119417Kb
 bounds [0x00000297130a0000, 0x0000029713310000, 0x000002971a5d0000]
CodeHeap 'profiled nmethods': size=120000Kb used=3329Kb max_used=3329Kb free=116670Kb
 bounds [0x000002970bb70000, 0x000002970bec0000, 0x00000297130a0000]
CodeHeap 'non-nmethods': size=5760Kb used=1153Kb max_used=1210Kb free=4606Kb
 bounds [0x000002970b5d0000, 0x000002970b840000, 0x000002970bb70000]
 total_blobs=2075 nmethods=1632 adapters=356
 compilation: enabled
              stopped_count=0, restarted_count=0
 full_count=0

Compilation events (20 events):
Event: 2.044 Thread 0x00000297215c56b0 nmethod 1588 0x000002970be7cd10 code [0x000002970be7d180, 0x000002970be7fb08]
Event: 2.044 Thread 0x00000297215c56b0 1591       3       java.lang.Integer::<init> (10 bytes)
Event: 2.045 Thread 0x00000297215c56b0 nmethod 1591 0x000002970be80890 code [0x000002970be80a40, 0x000002970be80c18]
Event: 2.045 Thread 0x00000297215c56b0 1589       3       org.springframework.core.ResolvableType::resolveClass (73 bytes)
Event: 2.045 Thread 0x00000297215c56b0 nmethod 1589 0x000002970be80d10 code [0x000002970be80f20, 0x000002970be81868]
Event: 2.045 Thread 0x00000297215c56b0 1590       3       org.springframework.core.ResolvableType::hashCode (22 bytes)
Event: 2.045 Thread 0x00000297215c56b0 nmethod 1590 0x000002970be81a10 code [0x000002970be81bc0, 0x000002970be81d68]
Event: 2.046 Thread 0x00000297215c56b0 1593       1       org.springframework.core.ResolvableType$DefaultVariableResolver::getSource (5 bytes)
Event: 2.046 Thread 0x00000297215c56b0 nmethod 1593 0x0000029713123e90 code [0x0000029713124020, 0x00000297131240f8]
Event: 2.051 Thread 0x00000297215c56b0 1594       1       java.lang.ClassLoader::getUnnamedModule (5 bytes)
Event: 2.051 Thread 0x00000297215c56b0 nmethod 1594 0x0000029713124190 code [0x0000029713124320, 0x00000297131243f8]
Event: 2.053 Thread 0x00000297215c56b0 1595       3       java.util.Collections$1::next (25 bytes)
Event: 2.053 Thread 0x00000297215c56b0 nmethod 1595 0x000002970be81e10 code [0x000002970be81fc0, 0x000002970be821e8]
Event: 2.055 Thread 0x00000297215c56b0 1596       3       java.lang.Integer::valueOf (32 bytes)
Event: 2.055 Thread 0x00000297215c56b0 nmethod 1596 0x000002970be82310 code [0x000002970be824c0, 0x000002970be827d8]
Event: 2.090 Thread 0x00000297215c56b0 1597       1       org.springframework.boot.context.properties.source.ConfigurationPropertyName$ElementType::isIndexed (5 bytes)
Event: 2.091 Thread 0x00000297215c56b0 nmethod 1597 0x0000029713124490 code [0x0000029713124620, 0x00000297131246f8]
Event: 2.093 Thread 0x00000297215c56b0 1598       3       org.springframework.boot.context.properties.source.ConfigurationPropertyName$ElementsParser::isAlpha (18 bytes)
Event: 2.093 Thread 0x00000297215c56b0 nmethod 1598 0x000002970be82910 code [0x000002970be82aa0, 0x000002970be82c18]
Event: 2.093 Thread 0x00000297215c56b0 1599   !   3       java.lang.invoke.BootstrapMethodInvoker::invoke (974 bytes)

GC Heap History (4 events):
Event: 0.830 GC heap before
{Heap before GC invocations=0 (full 0):
 garbage-first heap   total 131072K, used 12288K [0x0000000081400000, 0x0000000100000000)
  region size 1024K, 13 young (13312K), 0 survivors (0K)
 Metaspace       used 2977K, committed 3072K, reserved 1056768K
  class space    used 331K, committed 384K, reserved 1048576K
}
Event: 0.840 GC heap after
{Heap after GC invocations=1 (full 0):
 garbage-first heap   total 131072K, used 4867K [0x0000000081400000, 0x0000000100000000)
  region size 1024K, 2 young (2048K), 2 survivors (2048K)
 Metaspace       used 2977K, committed 3072K, reserved 1056768K
  class space    used 331K, committed 384K, reserved 1048576K
}
Event: 1.471 GC heap before
{Heap before GC invocations=1 (full 0):
 garbage-first heap   total 131072K, used 17155K [0x0000000081400000, 0x0000000100000000)
  region size 1024K, 14 young (14336K), 2 survivors (2048K)
 Metaspace       used 6096K, committed 6336K, reserved 1056768K
  class space    used 738K, committed 896K, reserved 1048576K
}
Event: 1.477 GC heap after
{Heap after GC invocations=2 (full 0):
 garbage-first heap   total 131072K, used 6601K [0x0000000081400000, 0x0000000100000000)
  region size 1024K, 2 young (2048K), 2 survivors (2048K)
 Metaspace       used 6096K, committed 6336K, reserved 1056768K
  class space    used 738K, committed 896K, reserved 1048576K
}

Deoptimization events (20 events):
Event: 1.740 Thread 0x0000029703dca920 Uncommon trap: trap_request=0xffffff45 fr.pc=0x00000297130d7ccc relative=0x000000000000084c
Event: 1.740 Thread 0x0000029703dca920 Uncommon trap: reason=unstable_if action=reinterpret pc=0x00000297130d7ccc method=java.util.zip.ZipCoder.hash(Ljava/lang/String;)I @ 23 c2
Event: 1.740 Thread 0x0000029703dca920 DEOPT PACKING pc=0x00000297130d7ccc sp=0x000000a6b10fc900
Event: 1.740 Thread 0x0000029703dca920 DEOPT UNPACKING pc=0x000002970b6223a3 sp=0x000000a6b10fc7b0 mode 2
Event: 1.742 Thread 0x0000029703dca920 Uncommon trap: trap_request=0xffffff45 fr.pc=0x00000297131047c8 relative=0x0000000000000228
Event: 1.742 Thread 0x0000029703dca920 Uncommon trap: reason=unstable_if action=reinterpret pc=0x00000297131047c8 method=java.util.StringTokenizer.scanToken(I)I @ 42 c2
Event: 1.742 Thread 0x0000029703dca920 DEOPT PACKING pc=0x00000297131047c8 sp=0x000000a6b10fc8d0
Event: 1.742 Thread 0x0000029703dca920 DEOPT UNPACKING pc=0x000002970b6223a3 sp=0x000000a6b10fc860 mode 2
Event: 1.944 Thread 0x0000029703dca920 Uncommon trap: trap_request=0xffffff45 fr.pc=0x00000297130cfd30 relative=0x0000000000000090
Event: 1.944 Thread 0x0000029703dca920 Uncommon trap: reason=unstable_if action=reinterpret pc=0x00000297130cfd30 method=sun.reflect.generics.parser.SignatureParser.current()C @ 39 c2
Event: 1.944 Thread 0x0000029703dca920 DEOPT PACKING pc=0x00000297130cfd30 sp=0x000000a6b10fb900
Event: 1.944 Thread 0x0000029703dca920 DEOPT UNPACKING pc=0x000002970b6223a3 sp=0x000000a6b10fb898 mode 2
Event: 1.944 Thread 0x0000029703dca920 Uncommon trap: trap_request=0xffffff45 fr.pc=0x000002971311deac relative=0x000000000000026c
Event: 1.944 Thread 0x0000029703dca920 Uncommon trap: reason=unstable_if action=reinterpret pc=0x000002971311deac method=sun.reflect.generics.parser.SignatureParser.skipIdentifier()V @ 44 c2
Event: 1.944 Thread 0x0000029703dca920 DEOPT PACKING pc=0x000002971311deac sp=0x000000a6b10fc2f0
Event: 1.944 Thread 0x0000029703dca920 DEOPT UNPACKING pc=0x000002970b6223a3 sp=0x000000a6b10fc288 mode 2
Event: 2.090 Thread 0x0000029703dca920 Uncommon trap: trap_request=0xffffff45 fr.pc=0x0000029713119bc8 relative=0x00000000000000c8
Event: 2.090 Thread 0x0000029703dca920 Uncommon trap: reason=unstable_if action=reinterpret pc=0x0000029713119bc8 method=java.lang.ref.SoftReference.get()Ljava/lang/Object; @ 6 c2
Event: 2.090 Thread 0x0000029703dca920 DEOPT PACKING pc=0x0000029713119bc8 sp=0x000000a6b10fcc30
Event: 2.090 Thread 0x0000029703dca920 DEOPT UNPACKING pc=0x000002970b6223a3 sp=0x000000a6b10fcbe8 mode 2

Classes unloaded (0 events):
No events

Classes redefined (0 events):
No events

Internal exceptions (20 events):
Event: 0.874 Thread 0x0000029703dca920 Exception <a 'java/lang/NoSuchMethodError'{0x00000000893e8b10}: 'void java.lang.invoke.DirectMethodHandle$Holder.invokeSpecial(java.lang.Object, java.lang.Object, java.lang.Object)'> (0x00000000893e8b10) 
thrown [t:\workspace\open\src\hotspot\share\interpreter\linkResolver.cpp, line 766]
Event: 0.884 Thread 0x0000029703dca920 Exception <a 'java/lang/NoSuchMethodError'{0x00000000892336c0}: 'void java.lang.invoke.DirectMethodHandle$Holder.invokeInterface(java.lang.Object, java.lang.Object, java.lang.Object, java.lang.Object, java.lang.Object)'> (0x00000000892336c0) 
thrown [t:\workspace\open\src\hotspot\share\interpreter\linkResolver.cpp, line 766]
Event: 0.886 Thread 0x0000029703dca920 Exception <a 'java/lang/IncompatibleClassChangeError'{0x0000000089237390}: Found class java.lang.Object, but interface was expected> (0x0000000089237390) 
thrown [t:\workspace\open\src\hotspot\share\interpreter\linkResolver.cpp, line 833]
Event: 0.896 Thread 0x0000029703dca920 Exception <a 'java/lang/NoSuchMethodError'{0x000000008926d0f0}: 'void java.lang.invoke.DirectMethodHandle$Holder.invokeInterface(java.lang.Object, java.lang.Object, java.lang.Object)'> (0x000000008926d0f0) 
thrown [t:\workspace\open\src\hotspot\share\interpreter\linkResolver.cpp, line 766]
Event: 0.896 Thread 0x0000029703dca920 Exception <a 'java/lang/IncompatibleClassChangeError'{0x00000000892704b0}: Found class java.lang.Object, but interface was expected> (0x00000000892704b0) 
thrown [t:\workspace\open\src\hotspot\share\interpreter\linkResolver.cpp, line 833]
Event: 0.909 Thread 0x0000029703dca920 Exception <a 'java/lang/NoSuchMethodError'{0x0000000089293280}: 'void java.lang.invoke.DirectMethodHandle$Holder.invokeSpecial(java.lang.Object, java.lang.Object, java.lang.Object, java.lang.Object, java.lang.Object)'> (0x0000000089293280) 
thrown [t:\workspace\open\src\hotspot\share\interpreter\linkResolver.cpp, line 766]
Event: 0.963 Thread 0x0000029703dca920 Exception <a 'java/lang/NoSuchMethodError'{0x00000000892ed160}: 'void java.lang.invoke.DirectMethodHandle$Holder.invokeInterface(java.lang.Object, java.lang.Object, java.lang.Object, java.lang.Object)'> (0x00000000892ed160) 
thrown [t:\workspace\open\src\hotspot\share\interpreter\linkResolver.cpp, line 766]
Event: 0.964 Thread 0x0000029703dca920 Exception <a 'java/lang/IncompatibleClassChangeError'{0x00000000892f0a88}: Found class java.lang.Object, but interface was expected> (0x00000000892f0a88) 
thrown [t:\workspace\open\src\hotspot\share\interpreter\linkResolver.cpp, line 833]
Event: 0.970 Thread 0x0000029703dca920 Exception <a 'java/lang/NoSuchMethodError'{0x0000000089107d70}: 'void java.lang.invoke.DirectMethodHandle$Holder.invokeStatic(java.lang.Object, java.lang.Object, java.lang.Object, java.lang.Object)'> (0x0000000089107d70) 
thrown [t:\workspace\open\src\hotspot\share\interpreter\linkResolver.cpp, line 766]
Event: 0.973 Thread 0x0000029703dca920 Exception <a 'java/lang/NoSuchMethodError'{0x0000000089119300}: 'java.lang.Object java.lang.invoke.DirectMethodHandle$Holder.invokeVirtual(java.lang.Object, java.lang.Object, java.lang.Object)'> (0x0000000089119300) 
thrown [t:\workspace\open\src\hotspot\share\interpreter\linkResolver.cpp, line 766]
Event: 1.000 Thread 0x0000029703dca920 Exception <a 'java/lang/NoSuchMethodError'{0x00000000891a5920}: 'java.lang.Object java.lang.invoke.Invokers$Holder.invokeExact_MT(java.lang.Object, java.lang.Object, java.lang.Object, java.lang.Object, java.lang.Object, java.lang.Object)'> (0x00000000891a5920) 
thrown [t:\workspace\open\src\hotspot\share\interpreter\linkResolver.cpp, line 766]
Event: 1.006 Thread 0x0000029703dca920 Exception <a 'java/lang/NoSuchMethodError'{0x00000000891b53e8}: 'int java.lang.invoke.DirectMethodHandle$Holder.invokeStatic(java.lang.Object, java.lang.Object, java.lang.Object, java.lang.Object, java.lang.Object)'> (0x00000000891b53e8) 
thrown [t:\workspace\open\src\hotspot\share\interpreter\linkResolver.cpp, line 766]
Event: 1.129 Thread 0x0000029703dca920 Exception <a 'java/lang/NoSuchMethodError'{0x0000000088fc9b38}: 'int java.lang.invoke.DirectMethodHandle$Holder.invokeStaticInit(java.lang.Object, java.lang.Object, java.lang.Object)'> (0x0000000088fc9b38) 
thrown [t:\workspace\open\src\hotspot\share\interpreter\linkResolver.cpp, line 766]
Event: 1.137 Thread 0x0000029703dca920 Exception <a 'java/lang/NoSuchMethodError'{0x0000000088ffe508}: 'int java.lang.invoke.DirectMethodHandle$Holder.invokeStaticInit(java.lang.Object, java.lang.Object)'> (0x0000000088ffe508) 
thrown [t:\workspace\open\src\hotspot\share\interpreter\linkResolver.cpp, line 766]
Event: 1.281 Thread 0x0000029703dca920 Exception <a 'java/lang/ClassNotFoundException'{0x0000000088be03f8}: javax/smartcardio/CardPermission> (0x0000000088be03f8) 
thrown [t:\workspace\open\src\hotspot\share\classfile\systemDictionary.cpp, line 256]
Event: 1.287 Thread 0x0000029703dca920 Exception <a 'java/io/FileNotFoundException'{0x0000000088beee98}> (0x0000000088beee98) 
thrown [t:\workspace\open\src\hotspot\share\prims\jni.cpp, line 516]
Event: 1.376 Thread 0x0000029703dca920 Exception <a 'java/lang/NoSuchMethodError'{0x00000000889da198}: 'org.slf4j.impl.StaticMDCBinder org.slf4j.impl.StaticMDCBinder.getSingleton()'> (0x00000000889da198) 
thrown [t:\workspace\open\src\hotspot\share\interpreter\linkResolver.cpp, line 766]
Event: 1.398 Thread 0x0000029703dca920 Exception <a 'java/lang/IncompatibleClassChangeError'{0x000000008885a560}: Found class java.lang.Object, but interface was expected> (0x000000008885a560) 
thrown [t:\workspace\open\src\hotspot\share\interpreter\linkResolver.cpp, line 833]
Event: 1.513 Thread 0x0000029703dca920 Exception <a 'java/lang/NoSuchMethodError'{0x00000000892053a0}: 'int java.lang.invoke.DirectMethodHandle$Holder.invokeInterface(java.lang.Object, java.lang.Object)'> (0x00000000892053a0) 
thrown [t:\workspace\open\src\hotspot\share\interpreter\linkResolver.cpp, line 766]
Event: 1.886 Thread 0x0000029703dca920 Exception <a 'java/lang/NoSuchMethodError'{0x0000000088b6c118}: 'void java.lang.invoke.DirectMethodHandle$Holder.invokeVirtual(java.lang.Object, java.lang.Object, java.lang.Object, java.lang.Object)'> (0x0000000088b6c118) 
thrown [t:\workspace\open\src\hotspot\share\interpreter\linkResolver.cpp, line 766]

VM Operations (20 events):
Event: 0.829 Executing VM operation: G1CollectForAllocation
Event: 0.840 Executing VM operation: G1CollectForAllocation done
Event: 1.080 Executing VM operation: HandshakeAllThreads
Event: 1.080 Executing VM operation: HandshakeAllThreads done
Event: 1.291 Executing VM operation: HandshakeAllThreads
Event: 1.291 Executing VM operation: HandshakeAllThreads done
Event: 1.353 Executing VM operation: HandshakeAllThreads
Event: 1.353 Executing VM operation: HandshakeAllThreads done
Event: 1.355 Executing VM operation: HandshakeAllThreads
Event: 1.355 Executing VM operation: HandshakeAllThreads done
Event: 1.396 Executing VM operation: HandshakeAllThreads
Event: 1.396 Executing VM operation: HandshakeAllThreads done
Event: 1.396 Executing VM operation: HandshakeAllThreads
Event: 1.396 Executing VM operation: HandshakeAllThreads done
Event: 1.470 Executing VM operation: G1CollectForAllocation
Event: 1.477 Executing VM operation: G1CollectForAllocation done
Event: 1.517 Executing VM operation: HandshakeAllThreads
Event: 1.517 Executing VM operation: HandshakeAllThreads done
Event: 1.712 Executing VM operation: HandshakeAllThreads
Event: 1.712 Executing VM operation: HandshakeAllThreads done

Events (20 events):
Event: 2.035 loading class java/time/Year
Event: 2.036 loading class java/time/Year done
Event: 2.037 loading class java/time/Month
Event: 2.037 loading class java/time/Month done
Event: 2.038 loading class java/time/YearMonth
Event: 2.038 loading class java/time/YearMonth done
Event: 2.039 loading class java/time/MonthDay
Event: 2.039 loading class java/time/MonthDay done
Event: 2.044 loading class sun/reflect/generics/tree/CharSignature
Event: 2.044 loading class sun/reflect/generics/tree/CharSignature done
Event: 2.044 loading class sun/reflect/generics/tree/ArrayTypeSignature
Event: 2.044 loading class sun/reflect/generics/tree/ArrayTypeSignature done
Event: 2.045 loading class java/net/UnknownHostException
Event: 2.045 loading class java/net/UnknownHostException done
Event: 2.053 loading class sun/reflect/generics/tree/ByteSignature
Event: 2.053 loading class sun/reflect/generics/tree/ByteSignature done
Event: 2.066 loading class java/util/function/UnaryOperator
Event: 2.066 loading class java/util/function/UnaryOperator done
Event: 2.090 loading class java/util/ConcurrentModificationException
Event: 2.090 loading class java/util/ConcurrentModificationException done


Dynamic libraries:
0x00007ff759b50000 - 0x00007ff759b60000 	C:\Program Files\Java\jdk-17.0.1\bin\java.exe
0x00007ffdac390000 - 0x00007ffdac585000 	C:\WINDOWS\SYSTEM32\ntdll.dll
0x00007ffdaaff0000 - 0x00007ffdab0ae000 	C:\WINDOWS\System32\KERNEL32.DLL
0x00007ffda9aa0000 - 0x00007ffda9d68000 	C:\WINDOWS\System32\KERNELBASE.dll
0x00007ffda9f80000 - 0x00007ffdaa080000 	C:\WINDOWS\System32\ucrtbase.dll
0x00007ffd6b620000 - 0x00007ffd6b63a000 	C:\Program Files\Java\jdk-17.0.1\bin\VCRUNTIME140.dll
0x00007ffd67480000 - 0x00007ffd67498000 	C:\Program Files\Java\jdk-17.0.1\bin\jli.dll
0x00007ffdaa850000 - 0x00007ffdaa8fc000 	C:\WINDOWS\System32\ADVAPI32.dll
0x00007ffdaac90000 - 0x00007ffdaad2e000 	C:\WINDOWS\System32\msvcrt.dll
0x00007ffdaa480000 - 0x00007ffdaa51b000 	C:\WINDOWS\System32\sechost.dll
0x00007ffdabec0000 - 0x00007ffdabfea000 	C:\WINDOWS\System32\RPCRT4.dll
0x00007ffdaa9e0000 - 0x00007ffdaab81000 	C:\WINDOWS\System32\USER32.dll
0x00007ffdaa080000 - 0x00007ffdaa0a2000 	C:\WINDOWS\System32\win32u.dll
0x00007ffdab6d0000 - 0x00007ffdab6fb000 	C:\WINDOWS\System32\GDI32.dll
0x00007ffdaa2c0000 - 0x00007ffdaa3cd000 	C:\WINDOWS\System32\gdi32full.dll
0x00007ffdaa160000 - 0x00007ffdaa1fd000 	C:\WINDOWS\System32\msvcp_win.dll
0x00007ffd8d2d0000 - 0x00007ffd8d56a000 	C:\WINDOWS\WinSxS\amd64_microsoft.windows.common-controls_6595b64144ccf1df_6.0.19041.1110_none_60b5254171f9507e\COMCTL32.dll
0x00007ffda27b0000 - 0x00007ffda27ba000 	C:\WINDOWS\SYSTEM32\VERSION.dll
0x00007ffdaab90000 - 0x00007ffdaabc0000 	C:\WINDOWS\System32\IMM32.DLL
0x00007ffd8eca0000 - 0x00007ffd8ecac000 	C:\Program Files\Java\jdk-17.0.1\bin\vcruntime140_1.dll
0x00007ffd61790000 - 0x00007ffd6181d000 	C:\Program Files\Java\jdk-17.0.1\bin\msvcp140.dll
0x00007ffd4ed30000 - 0x00007ffd4f8ee000 	C:\Program Files\Java\jdk-17.0.1\bin\server\jvm.dll
0x00007ffdab0b0000 - 0x00007ffdab0b8000 	C:\WINDOWS\System32\PSAPI.DLL
0x00007ffd9b380000 - 0x00007ffd9b389000 	C:\WINDOWS\SYSTEM32\WSOCK32.dll
0x00007ffdab700000 - 0x00007ffdab76b000 	C:\WINDOWS\System32\WS2_32.dll
0x00007ffd8cc60000 - 0x00007ffd8cc87000 	C:\WINDOWS\SYSTEM32\WINMM.dll
0x00007ffda86a0000 - 0x00007ffda86b2000 	C:\WINDOWS\SYSTEM32\kernel.appcore.dll
0x00007ffd8cab0000 - 0x00007ffd8caba000 	C:\Program Files\Java\jdk-17.0.1\bin\jimage.dll
0x00007ffda8090000 - 0x00007ffda8274000 	C:\WINDOWS\SYSTEM32\DBGHELP.DLL
0x00007ffda44e0000 - 0x00007ffda450c000 	C:\WINDOWS\SYSTEM32\dbgcore.DLL
0x00007ffdaa200000 - 0x00007ffdaa282000 	C:\WINDOWS\System32\bcryptPrimitives.dll
0x00007ffd898c0000 - 0x00007ffd898ce000 	C:\Program Files\Java\jdk-17.0.1\bin\instrument.dll
0x00007ffd67450000 - 0x00007ffd67475000 	C:\Program Files\Java\jdk-17.0.1\bin\java.dll
0x00007ffd616b0000 - 0x00007ffd61786000 	C:\Program Files\Java\jdk-17.0.1\bin\svml.dll
0x00007ffdab770000 - 0x00007ffdabeb4000 	C:\WINDOWS\System32\SHELL32.dll
0x00007ffda77d0000 - 0x00007ffda7f64000 	C:\WINDOWS\SYSTEM32\windows.storage.dll
0x00007ffdabff0000 - 0x00007ffdac345000 	C:\WINDOWS\System32\combase.dll
0x00007ffda94f0000 - 0x00007ffda951e000 	C:\WINDOWS\SYSTEM32\Wldp.dll
0x00007ffdaa3d0000 - 0x00007ffdaa47d000 	C:\WINDOWS\System32\SHCORE.dll
0x00007ffdab610000 - 0x00007ffdab665000 	C:\WINDOWS\System32\shlwapi.dll
0x00007ffda99e0000 - 0x00007ffda99ff000 	C:\WINDOWS\SYSTEM32\profapi.dll
0x00007ffd64f30000 - 0x00007ffd64f48000 	C:\Program Files\Java\jdk-17.0.1\bin\zip.dll
0x00007ffd65c70000 - 0x00007ffd65c89000 	C:\Program Files\Java\jdk-17.0.1\bin\net.dll
0x00007ffda00d0000 - 0x00007ffda01dc000 	C:\WINDOWS\SYSTEM32\WINHTTP.dll
0x00007ffda9250000 - 0x00007ffda92ba000 	C:\WINDOWS\system32\mswsock.dll
0x00007ffd65b00000 - 0x00007ffd65b15000 	C:\Program Files\Java\jdk-17.0.1\bin\nio.dll
0x00007ffd62a40000 - 0x00007ffd62a5a000 	C:\Program Files\JetBrains\IntelliJ IDEA Community Edition 2021.2.3\bin\breakgen64.dll
0x00007ffd8c7d0000 - 0x00007ffd8c7e0000 	C:\Program Files\Java\jdk-17.0.1\bin\verify.dll

dbghelp: loaded successfully - version: 4.0.5 - missing functions: none
symbol engine: initialized successfully - sym options: 0x614 - pdb path: .;C:\Program Files\Java\jdk-17.0.1\bin;C:\WINDOWS\SYSTEM32;C:\WINDOWS\WinSxS\amd64_microsoft.windows.common-controls_6595b64144ccf1df_6.0.19041.1110_none_60b5254171f9507e;C:\Program Files\Java\jdk-17.0.1\bin\server;C:\Program Files\JetBrains\IntelliJ IDEA Community Edition 2021.2.3\bin

VM Arguments:
jvm_args: -ea -Didea.test.cyclic.buffer.size=1048576 -javaagent:C:\Program Files\JetBrains\IntelliJ IDEA Community Edition 2021.2.3\lib\idea_rt.jar=53742:C:\Program Files\JetBrains\IntelliJ IDEA Community Edition 2021.2.3\bin -Dfile.encoding=UTF-8 
java_command: com.intellij.rt.junit.JUnitStarter -ideVersion5 -junit5 com.example.RESTfulTest.controller.WidgetRestControllerTest,testUpdateWidget
java_class_path (initial): C:\Users\Alejandro\.m2\repository\org\junit\platform\junit-platform-launcher\1.7.2\junit-platform-launcher-1.7.2.jar;C:\Program Files\JetBrains\IntelliJ IDEA Community Edition 2021.2.3\lib\idea_rt.jar;C:\Program Files\JetBrains\IntelliJ IDEA Community Edition 2021.2.3\plugins\junit\lib\junit5-rt.jar;C:\Program Files\JetBrains\IntelliJ IDEA Community Edition 2021.2.3\plugins\junit\lib\junit-rt.jar;C:\Pruebas_Controlador\RESTful-Test-1\target\test-classes;C:\Pruebas_Controlador\RESTful-Test-1\target\classes;C:\Users\Alejandro\.m2\repository\org\springframework\boot\spring-boot-starter-data-mongodb\2.5.1\spring-boot-starter-data-mongodb-2.5.1.jar;C:\Users\Alejandro\.m2\repository\org\springframework\boot\spring-boot-starter\2.5.1\spring-boot-starter-2.5.1.jar;C:\Users\Alejandro\.m2\repository\org\springframework\boot\spring-boot\2.5.1\spring-boot-2.5.1.jar;C:\Users\Alejandro\.m2\repository\org\springframework\boot\spring-boot-autoconfigure\2.5.1\spring-boot-autoconfigure-2.5.1.jar;C:\Users\Alejandro\.m2\repository\org\springframework\boot\spring-boot-starter-logging\2.5.1\spring-boot-starter-logging-2.5.1.jar;C:\Users\Alejandro\.m2\repository\ch\qos\logback\logback-classic\1.2.3\logback-classic-1.2.3.jar;C:\Users\Alejandro\.m2\repository\ch\qos\logback\logback-core\1.2.3\logback-core-1.2.3.jar;C:\Users\Alejandro\.m2\repository\org\apache\logging\log4j\log4j-to-slf4j\2.14.1\log4j-to-slf4j-2.14.1.jar;C:\Users\Alejandro\.m2\repository\org\apache\logging\log4j\log4j-api\2.14.1\log4j-api-2.14.1.jar;C:\Users\Alejandro\.m2\repository\org\slf4j\jul-to-slf4j\1.7.30\jul-to-slf4j-1.7.30.jar;C:\Users\Alejandro\.m2\repository\jakarta\annotation\jakarta.annotation-api\1.3.5\jakarta.annotation-api-1.3.5.jar;C:\Users\Alejandro\.m2\repository\org\yaml\snakeyaml\1.28\snakeyaml-1.28.jar;C:\Users\Alejandro\.m2\repository\org\mongodb\mongodb-driver-sync\4.2.3\mongodb-driver-sync-4.2.3.jar;C:\Users\Alejandro\.m2\repository\org\mongodb\bson\4.2.3\bson-4.2.3.jar;C
Launcher Type: SUN_STANDARD

[Global flags]
     intx CICompilerCount                          = 3                                         {product} {ergonomic}
     uint ConcGCThreads                            = 1                                         {product} {ergonomic}
     uint G1ConcRefinementThreads                  = 4                                         {product} {ergonomic}
   size_t G1HeapRegionSize                         = 1048576                                   {product} {ergonomic}
    uintx GCDrainStackTargetSize                   = 64                                        {product} {ergonomic}
   size_t InitialHeapSize                          = 134217728                                 {product} {ergonomic}
   size_t MarkStackSize                            = 4194304                                   {product} {ergonomic}
   size_t MaxHeapSize                              = 2126512128                                {product} {ergonomic}
   size_t MaxNewSize                               = 1275068416                                {product} {ergonomic}
   size_t MinHeapDeltaBytes                        = 1048576                                   {product} {ergonomic}
   size_t MinHeapSize                              = 8388608                                   {product} {ergonomic}
    uintx NonNMethodCodeHeapSize                   = 5832780                                {pd product} {ergonomic}
    uintx NonProfiledCodeHeapSize                  = 122912730                              {pd product} {ergonomic}
    uintx ProfiledCodeHeapSize                     = 122912730                              {pd product} {ergonomic}
    uintx ReservedCodeCacheSize                    = 251658240                              {pd product} {ergonomic}
     bool SegmentedCodeCache                       = true                                      {product} {ergonomic}
   size_t SoftMaxHeapSize                          = 2126512128                             {manageable} {ergonomic}
     bool UseCompressedClassPointers               = true                           {product lp64_product} {ergonomic}
     bool UseCompressedOops                        = true                           {product lp64_product} {ergonomic}
     bool UseG1GC                                  = true                                      {product} {ergonomic}
     bool UseLargePagesIndividualAllocation        = false                                  {pd product} {ergonomic}

Logging:
Log output configuration:
 #0: stdout all=warning uptime,level,tags
 #1: stderr all=off uptime,level,tags

Environment Variables:
JAVA_HOME=C:\Program Files\Java\jdk-17.0.1
PATH=C:\Program Files\Common Files\Oracle\Java\javapath;C:\Program Files\Eclipse Adoptium\jdk-17.0.1.12-hotspot\bin;C:\Program Files (x86)\Common Files\Oracle\Java\javapath;C:\windows\system32;C:\windows;C:\windows\System32\Wbem;C:\windows\System32\WindowsPowerShell\v1.0\;C:\Program Files\Java\jdk-17.0.1\bin;C:\windows\System32\OpenSSH\;C:\Program Files (x86)\NVIDIA Corporation\PhysX\Common;C:\WINDOWS\system32;C:\WINDOWS;C:\WINDOWS\System32\Wbem;C:\WINDOWS\System32\WindowsPowerShell\v1.0\;C:\WINDOWS\System32\OpenSSH\;C:\Program Files\Microsoft SQL Server\Client SDK\ODBC\170\Tools\Binn\;C:\Program Files (x86)\Microsoft SQL Server\150\Tools\Binn\;C:\Program Files\Microsoft SQL Server\150\Tools\Binn\;C:\Program Files\Microsoft SQL Server\150\DTS\Binn\;C:\Program Files (x86)\Microsoft SQL Server\150\DTS\Binn\;C:\Program Files\dotnet\;C:\Program Files\Microsoft SQL Server\130\Tools\Binn\;C:\Users\Alejandro\AppData\Local\Android\Sdk\emulator;C:\Users\Alejandro\AppData\Local\Android\Sdk\platform-tools;C:\Program Files\Git\cmd;C:\xampp\php;C:\ProgramData\ComposerSetup\bin;C:\Program Files\nodejs\;C:\Gradle\gradle-7.3.1\bin;C:\Program Files\MySQL\MySQL Shell 8.0\bin\;C:\Users\Alejandro\AppData\Local\Microsoft\WindowsApps;C:\Users\Alejandro\.dotnet\tools;C:\Users\Alejandro\AppData\Roaming\Composer\vendor\bin;C:\Program Files\heroku\bin;C:\Users\Alejandro\AppData\Roaming\npm;C:\apache-maven-3.8.4\bin;";C:\apache-maven-3.8.4\bin;";";%Java%\bin;";
USERNAME=Alejandro
OS=Windows_NT
PROCESSOR_IDENTIFIER=Intel64 Family 6 Model 142 Stepping 9, GenuineIntel



---------------  S Y S T E M  ---------------

OS:
 Windows 10 , 64 bit Build 19041 (10.0.19041.1348)
OS uptime: 6 days 19:08 hours

CPU: total 4 (initial active 4) (2 cores per cpu, 2 threads per core) family 6 model 142 stepping 9 microcode 0xb4, cx8, cmov, fxsr, ht, mmx, 3dnowpref, sse, sse2, sse3, ssse3, sse4.1, sse4.2, popcnt, lzcnt, tsc, tscinvbit, avx, avx2, aes, erms, clmul, bmi1, bmi2, adx, fma, vzeroupper, clflush, clflushopt

Memory: 4k page, system-wide physical 8107M (606M free)
TotalPageFile size 11925M (AvailPageFile size 5M)
current process WorkingSet (physical memory assigned to process): 95M, peak: 95M
current process commit charge ("private bytes"): 239M, peak: 241M

vm_info: Java HotSpot(TM) 64-Bit Server VM (17.0.1+12-LTS-39) for windows-amd64 JRE (17.0.1+12-LTS-39), built on Sep 27 2021 18:41:35 by "mach5one" with MS VC++ 16.8 (VS2019)

END.
